2023-06-16 13:19:33.726 [info] update#setState idle
2023-06-16 13:19:41.445 [warning] No ptyHost heartbeat after 6 seconds
2023-06-16 13:20:03.706 [info] update#setState checking for updates
2023-06-16 13:20:03.873 [info] update#setState idle
2023-06-16 13:24:39.566 [info] Extension host with pid 2626 exited with code: 0, signal: unknown.
2023-06-16 14:20:03.709 [info] update#setState checking for updates
2023-06-16 14:20:04.082 [info] update#setState idle
2023-06-16 15:20:03.714 [info] update#setState checking for updates
2023-06-16 15:20:04.092 [info] update#setState idle
2023-06-16 16:20:03.716 [info] update#setState checking for updates
2023-06-16 16:20:04.119 [info] update#setState idle
2023-06-16 17:20:03.719 [info] update#setState checking for updates
2023-06-16 17:20:04.105 [info] update#setState idle
2023-06-16 18:20:03.725 [info] update#setState checking for updates
2023-06-16 18:20:04.368 [info] update#setState idle
2023-06-16 19:20:03.731 [info] update#setState checking for updates
2023-06-16 19:20:04.289 [info] update#setState idle
2023-06-16 20:20:03.737 [info] update#setState checking for updates
2023-06-16 20:20:04.266 [info] update#setState idle
2023-06-16 20:37:36.012 [info] Extension host with pid 5525 exited with code: 0, signal: unknown.
2023-06-16 20:37:36.013 [error] [UtilityProcessWorker]: terminated unexpectedly with code 15, signal: unknown
2023-06-16 20:37:36.014 [error] [UtilityProcess id: 1, type: fileWatcher, pid: 5514]: crashed with code 15 and reason 'killed'
2023-06-16 21:20:03.739 [info] update#setState checking for updates
2023-06-16 21:20:04.115 [info] update#setState idle
2023-06-16 21:48:35.582 [info] Extension host with pid 17722 exited with code: 0, signal: unknown.
2023-06-16 21:48:35.602 [error] [UtilityProcessWorker]: terminated unexpectedly with code 15, signal: unknown
2023-06-16 21:48:35.602 [error] [UtilityProcess id: 1, type: fileWatcher, pid: 17709]: crashed with code 15 and reason 'killed'
2023-06-16 22:20:03.742 [info] update#setState checking for updates
2023-06-16 22:20:04.144 [info] update#setState idle
2023-06-16 23:20:03.747 [info] update#setState checking for updates
2023-06-16 23:20:04.140 [info] update#setState idle
2023-06-16 23:33:01.179 [info] Extension host with pid 19910 exited with code: 0, signal: unknown.
2023-06-16 23:34:58.265 [info] Extension host with pid 21566 exited with code: 0, signal: unknown.
2023-06-16 23:34:58.269 [error] [UtilityProcessWorker]: terminated unexpectedly with code 15, signal: unknown
2023-06-16 23:34:58.269 [error] [UtilityProcess id: 1, type: fileWatcher, pid: 21552]: crashed with code 15 and reason 'killed'
2023-06-17 00:20:03.749 [info] update#setState checking for updates
2023-06-17 00:20:04.133 [info] update#setState idle
2023-06-17 00:40:00.706 [info] Extension host with pid 21891 exited with code: 0, signal: unknown.
