2023-06-16 13:19:35.941 [info] Started initializing default profile extensions in extensions installation folder. file:///home/efliao/.vscode/extensions
2023-06-16 13:19:36.203 [warning] Failed to create default profile extensions manifest in extensions installation folder. file:///home/efliao/.vscode/extensions Unable to create file 'vscode-userdata:/home/efliao/.vscode/extensions/extensions.json' that already exists when overwrite flag is not set
2023-06-16 13:19:36.203 [info] Completed initializing default profile extensions in extensions installation folder. file:///home/efliao/.vscode/extensions
2023-06-16 13:23:36.464 [info] Getting Manifest... arcticicestudio.nord-visual-studio-code
2023-06-16 13:23:36.507 [info] Installing extension: arcticicestudio.nord-visual-studio-code
2023-06-16 13:24:04.520 [info] Extension signature is verified: arcticicestudio.nord-visual-studio-code
2023-06-16 13:24:04.551 [info] Extracted extension to /home/efliao/.vscode/extensions/.c0646a13-a446-4780-b81a-6c7b3f808d47: arcticicestudio.nord-visual-studio-code
2023-06-16 13:24:04.555 [info] Renamed to /home/efliao/.vscode/extensions/arcticicestudio.nord-visual-studio-code-0.19.0
2023-06-16 13:24:04.557 [info] Extracting extension completed. arcticicestudio.nord-visual-studio-code
2023-06-16 13:24:04.566 [info] Extension installed successfully: arcticicestudio.nord-visual-studio-code
2023-06-16 23:44:54.763 [info] Getting Manifest... prisma.prisma
2023-06-16 23:44:54.776 [info] Installing extension: prisma.prisma
2023-06-16 23:44:57.549 [info] Extension signature is verified: prisma.prisma
2023-06-16 23:44:59.566 [info] Extracted extension to /home/efliao/.vscode/extensions/.b1b49397-c177-4bcc-bf17-3cd230382526: prisma.prisma
2023-06-16 23:44:59.578 [info] Renamed to /home/efliao/.vscode/extensions/prisma.prisma-4.15.0
2023-06-16 23:44:59.581 [info] Extracting extension completed. prisma.prisma
2023-06-16 23:44:59.592 [info] Extension installed successfully: prisma.prisma
2023-06-17 00:01:09.676 [info] Getting Manifest... naumovs.color-highlight
2023-06-17 00:01:09.695 [info] Installing extension: naumovs.color-highlight
2023-06-17 00:01:11.419 [info] Extension signature is verified: naumovs.color-highlight
2023-06-17 00:01:11.593 [info] Extracted extension to /home/efliao/.vscode/extensions/.de2e4ab0-d002-45a9-872b-1aeb3c7cc526: naumovs.color-highlight
2023-06-17 00:01:11.604 [info] Renamed to /home/efliao/.vscode/extensions/naumovs.color-highlight-2.5.0
2023-06-17 00:01:11.605 [info] Extracting extension completed. naumovs.color-highlight
2023-06-17 00:01:11.611 [info] Extension installed successfully: naumovs.color-highlight
2023-06-17 00:03:33.169 [info] Getting Manifest... bradlc.vscode-tailwindcss
2023-06-17 00:03:33.180 [info] Installing extension: bradlc.vscode-tailwindcss
2023-06-17 00:03:59.016 [info] Extension signature is verified: bradlc.vscode-tailwindcss
2023-06-17 00:03:59.085 [info] Extracted extension to /home/efliao/.vscode/extensions/.b000f111-173b-4168-b378-eb789639430b: bradlc.vscode-tailwindcss
2023-06-17 00:03:59.098 [info] Renamed to /home/efliao/.vscode/extensions/bradlc.vscode-tailwindcss-0.9.11
2023-06-17 00:03:59.102 [info] Extracting extension completed. bradlc.vscode-tailwindcss
2023-06-17 00:03:59.113 [info] Extension installed successfully: bradlc.vscode-tailwindcss
