2023-06-16 13:19:35.627 [info] Started initializing default profile extensions in extensions installation folder. file:///home/efliao/.vscode/extensions
2023-06-16 13:19:35.944 [info] Completed initializing default profile extensions in extensions installation folder. file:///home/efliao/.vscode/extensions
2023-06-16 13:19:38.793 [info] [perf] Render performance baseline is 53ms
2023-06-16 13:24:42.949 [info] [perf] Render performance baseline is 58ms
2023-06-16 20:37:39.518 [info] [perf] Render performance baseline is 59ms
2023-06-16 21:48:39.028 [info] [perf] Render performance baseline is 41ms
2023-06-16 23:33:01.133 [warning] [backup tracker] suspended, ignoring dirty change event file:///home/efliao/Desktop/Intern/dcard_backend.md 
2023-06-16 23:33:04.618 [info] [perf] Render performance baseline is 70ms
2023-06-16 23:35:01.724 [info] [perf] Render performance baseline is 54ms
2023-06-17 00:18:26.895 [error] Error: file:///home/efliao/Desktop/Nextjs/todolist/src/app/page.tsx has changed in the meantime
    at e.BulkTextEdits.o (vscode-file://vscode-app/usr/share/code/resources/app/out/vs/workbench/workbench.desktop.main.js:767:9592)
    at e.BulkTextEdits.apply (vscode-file://vscode-app/usr/share/code/resources/app/out/vs/workbench/workbench.desktop.main.js:767:10294)
    at p.o (vscode-file://vscode-app/usr/share/code/resources/app/out/vs/workbench/workbench.desktop.main.js:2310:25230)
    at p.perform (vscode-file://vscode-app/usr/share/code/resources/app/out/vs/workbench/workbench.desktop.main.js:2310:24657)
    at e.BulkEditService.apply (vscode-file://vscode-app/usr/share/code/resources/app/out/vs/workbench/workbench.desktop.main.js:2310:26500)
    at e.MainThreadBulkEdits.$tryApplyWorkspaceEdit (vscode-file://vscode-app/usr/share/code/resources/app/out/vs/workbench/workbench.desktop.main.js:1544:13973)
    at p.N (vscode-file://vscode-app/usr/share/code/resources/app/out/vs/workbench/workbench.desktop.main.js:1535:15346)
    at p.M (vscode-file://vscode-app/usr/share/code/resources/app/out/vs/workbench/workbench.desktop.main.js:1535:15064)
    at p.H (vscode-file://vscode-app/usr/share/code/resources/app/out/vs/workbench/workbench.desktop.main.js:1535:14157)
    at p.G (vscode-file://vscode-app/usr/share/code/resources/app/out/vs/workbench/workbench.desktop.main.js:1535:13295)
    at vscode-file://vscode-app/usr/share/code/resources/app/out/vs/workbench/workbench.desktop.main.js:1535:11926
    at g.invoke (vscode-file://vscode-app/usr/share/code/resources/app/out/vs/workbench/workbench.desktop.main.js:93:145)
    at r.deliver (vscode-file://vscode-app/usr/share/code/resources/app/out/vs/workbench/workbench.desktop.main.js:93:2121)
    at s.fire (vscode-file://vscode-app/usr/share/code/resources/app/out/vs/workbench/workbench.desktop.main.js:93:1729)
    at l.fire (vscode-file://vscode-app/usr/share/code/resources/app/out/vs/workbench/workbench.desktop.main.js:564:15121)
    at ee.onmessage (vscode-file://vscode-app/usr/share/code/resources/app/out/vs/workbench/workbench.desktop.main.js:1636:1497)
2023-06-17 00:18:26.896 [warning] IGNORING workspace edit: Error: file:///home/efliao/Desktop/Nextjs/todolist/src/app/page.tsx has changed in the meantime
2023-06-17 00:18:43.426 [error] Error: file:///home/efliao/Desktop/Nextjs/todolist/src/app/page.tsx has changed in the meantime
    at e.BulkTextEdits.o (vscode-file://vscode-app/usr/share/code/resources/app/out/vs/workbench/workbench.desktop.main.js:767:9592)
    at e.BulkTextEdits.apply (vscode-file://vscode-app/usr/share/code/resources/app/out/vs/workbench/workbench.desktop.main.js:767:10294)
    at p.o (vscode-file://vscode-app/usr/share/code/resources/app/out/vs/workbench/workbench.desktop.main.js:2310:25230)
    at p.perform (vscode-file://vscode-app/usr/share/code/resources/app/out/vs/workbench/workbench.desktop.main.js:2310:24657)
    at e.BulkEditService.apply (vscode-file://vscode-app/usr/share/code/resources/app/out/vs/workbench/workbench.desktop.main.js:2310:26500)
    at e.MainThreadBulkEdits.$tryApplyWorkspaceEdit (vscode-file://vscode-app/usr/share/code/resources/app/out/vs/workbench/workbench.desktop.main.js:1544:13973)
    at p.N (vscode-file://vscode-app/usr/share/code/resources/app/out/vs/workbench/workbench.desktop.main.js:1535:15346)
    at p.M (vscode-file://vscode-app/usr/share/code/resources/app/out/vs/workbench/workbench.desktop.main.js:1535:15064)
    at p.H (vscode-file://vscode-app/usr/share/code/resources/app/out/vs/workbench/workbench.desktop.main.js:1535:14157)
    at p.G (vscode-file://vscode-app/usr/share/code/resources/app/out/vs/workbench/workbench.desktop.main.js:1535:13295)
    at vscode-file://vscode-app/usr/share/code/resources/app/out/vs/workbench/workbench.desktop.main.js:1535:11926
    at g.invoke (vscode-file://vscode-app/usr/share/code/resources/app/out/vs/workbench/workbench.desktop.main.js:93:145)
    at r.deliver (vscode-file://vscode-app/usr/share/code/resources/app/out/vs/workbench/workbench.desktop.main.js:93:2121)
    at s.fire (vscode-file://vscode-app/usr/share/code/resources/app/out/vs/workbench/workbench.desktop.main.js:93:1729)
    at l.fire (vscode-file://vscode-app/usr/share/code/resources/app/out/vs/workbench/workbench.desktop.main.js:564:15121)
    at ee.onmessage (vscode-file://vscode-app/usr/share/code/resources/app/out/vs/workbench/workbench.desktop.main.js:1636:1497)
2023-06-17 00:18:43.426 [warning] IGNORING workspace edit: Error: file:///home/efliao/Desktop/Nextjs/todolist/src/app/page.tsx has changed in the meantime
