2023-06-16 13:19:35.480 [info] Added views:workbench.panel.markers.view in workbench.panel.markers
2023-06-16 13:19:35.480 [info] Added views:workbench.panel.output in workbench.panel.output
2023-06-16 13:19:35.480 [info] Added views:terminal in terminal
2023-06-16 13:19:35.480 [info] Added views:outline in workbench.view.explorer
2023-06-16 13:19:35.480 [info] Added views:workbench.scm in workbench.view.scm
2023-06-16 13:19:35.480 [info] Added views:workbench.view.search in workbench.view.search
2023-06-16 13:19:35.480 [info] Added views:timeline in workbench.view.explorer
2023-06-16 13:19:35.480 [info] Added views:workbench.explorer.emptyView in workbench.view.explorer
2023-06-16 13:19:36.167 [info] Added views:workbench.debug.variablesView,workbench.debug.watchExpressionsView,workbench.debug.callStackView,workbench.debug.breakPointsView in workbench.view.debug
2023-06-16 13:19:36.193 [info] Added views:workbench.panel.repl.view in workbench.panel.repl
2023-06-16 13:19:36.194 [info] Removed views:workbench.debug.breakPointsView,workbench.debug.callStackView,workbench.debug.watchExpressionsView,workbench.debug.variablesView from workbench.view.debug
2023-06-16 13:19:36.195 [info] Added views:workbench.debug.welcome in workbench.view.debug
2023-06-16 13:23:30.733 [info] Added views:workbench.views.extensions.installed,workbench.views.extensions.popular,extensions.recommendedList in workbench.view.extensions
2023-06-16 13:23:30.743 [info] Removed views:workbench.views.extensions.popular from workbench.view.extensions
2023-06-16 13:23:31.205 [info] Added views:workbench.views.extensions.popular in workbench.view.extensions
2023-06-16 13:23:31.484 [info] Removed views:extensions.recommendedList,workbench.views.extensions.popular,workbench.views.extensions.installed from workbench.view.extensions
2023-06-16 13:23:31.510 [info] Added views:workbench.views.extensions.marketplace in workbench.view.extensions
2023-06-16 13:24:40.108 [info] Added views:workbench.panel.markers.view in workbench.panel.markers
2023-06-16 13:24:40.108 [info] Added views:workbench.panel.output in workbench.panel.output
2023-06-16 13:24:40.108 [info] Added views:terminal in terminal
2023-06-16 13:24:40.108 [info] Added views:outline in workbench.view.explorer
2023-06-16 13:24:40.108 [info] Added views:workbench.scm in workbench.view.scm
2023-06-16 13:24:40.108 [info] Added views:workbench.view.search in workbench.view.search
2023-06-16 13:24:40.108 [info] Added views:timeline in workbench.view.explorer
2023-06-16 13:24:40.108 [info] Added views:workbench.explorer.fileView in workbench.view.explorer
2023-06-16 13:24:40.520 [info] Added views:workbench.debug.variablesView,workbench.debug.watchExpressionsView,workbench.debug.callStackView,workbench.debug.breakPointsView in workbench.view.debug
2023-06-16 13:24:40.617 [info] Added views:workbench.panel.repl.view in workbench.panel.repl
2023-06-16 13:24:40.619 [info] Removed views:workbench.debug.breakPointsView,workbench.debug.callStackView,workbench.debug.watchExpressionsView,workbench.debug.variablesView from workbench.view.debug
2023-06-16 13:24:40.620 [info] Added views:workbench.debug.welcome in workbench.view.debug
2023-06-16 20:37:36.612 [info] Added views:workbench.panel.markers.view in workbench.panel.markers
2023-06-16 20:37:36.612 [info] Added views:workbench.panel.output in workbench.panel.output
2023-06-16 20:37:36.612 [info] Added views:terminal in terminal
2023-06-16 20:37:36.612 [info] Added views:outline in workbench.view.explorer
2023-06-16 20:37:36.612 [info] Added views:workbench.scm in workbench.view.scm
2023-06-16 20:37:36.612 [info] Added views:workbench.view.search in workbench.view.search
2023-06-16 20:37:36.612 [info] Added views:timeline in workbench.view.explorer
2023-06-16 20:37:36.612 [info] Added views:workbench.explorer.fileView in workbench.view.explorer
2023-06-16 20:37:36.984 [info] Added views:workbench.debug.variablesView,workbench.debug.watchExpressionsView,workbench.debug.callStackView,workbench.debug.breakPointsView in workbench.view.debug
2023-06-16 20:37:37.207 [info] Added views:workbench.panel.repl.view in workbench.panel.repl
2023-06-16 20:37:37.211 [info] Removed views:workbench.debug.breakPointsView,workbench.debug.callStackView,workbench.debug.watchExpressionsView,workbench.debug.variablesView from workbench.view.debug
2023-06-16 20:37:37.212 [info] Added views:workbench.debug.welcome in workbench.view.debug
2023-06-16 21:48:04.464 [info] Added views:workbench.views.extensions.installed,workbench.views.extensions.popular,extensions.recommendedList in workbench.view.extensions
2023-06-16 21:48:04.477 [info] Removed views:workbench.views.extensions.popular from workbench.view.extensions
2023-06-16 21:48:36.174 [info] Added views:workbench.panel.markers.view in workbench.panel.markers
2023-06-16 21:48:36.174 [info] Added views:workbench.panel.output in workbench.panel.output
2023-06-16 21:48:36.174 [info] Added views:terminal in terminal
2023-06-16 21:48:36.174 [info] Added views:outline in workbench.view.explorer
2023-06-16 21:48:36.174 [info] Added views:workbench.scm in workbench.view.scm
2023-06-16 21:48:36.174 [info] Added views:workbench.view.search in workbench.view.search
2023-06-16 21:48:36.174 [info] Added views:timeline in workbench.view.explorer
2023-06-16 21:48:36.174 [info] Added views:workbench.explorer.fileView in workbench.view.explorer
2023-06-16 21:48:36.560 [info] Added views:workbench.debug.variablesView,workbench.debug.watchExpressionsView,workbench.debug.callStackView,workbench.debug.breakPointsView in workbench.view.debug
2023-06-16 21:48:36.707 [info] Added views:workbench.panel.repl.view in workbench.panel.repl
2023-06-16 21:48:36.709 [info] Removed views:workbench.debug.breakPointsView,workbench.debug.callStackView,workbench.debug.watchExpressionsView,workbench.debug.variablesView from workbench.view.debug
2023-06-16 21:48:36.709 [info] Added views:workbench.debug.welcome in workbench.view.debug
2023-06-16 23:33:01.749 [info] Added views:workbench.panel.markers.view in workbench.panel.markers
2023-06-16 23:33:01.749 [info] Added views:workbench.panel.output in workbench.panel.output
2023-06-16 23:33:01.749 [info] Added views:terminal in terminal
2023-06-16 23:33:01.749 [info] Added views:outline in workbench.view.explorer
2023-06-16 23:33:01.749 [info] Added views:workbench.scm in workbench.view.scm
2023-06-16 23:33:01.749 [info] Added views:workbench.view.search in workbench.view.search
2023-06-16 23:33:01.749 [info] Added views:timeline in workbench.view.explorer
2023-06-16 23:33:01.749 [info] Added views:workbench.explorer.fileView in workbench.view.explorer
2023-06-16 23:33:02.117 [info] Added views:workbench.debug.variablesView,workbench.debug.watchExpressionsView,workbench.debug.callStackView,workbench.debug.breakPointsView in workbench.view.debug
2023-06-16 23:33:02.309 [info] Added views:workbench.panel.repl.view in workbench.panel.repl
2023-06-16 23:33:02.312 [info] Removed views:workbench.debug.breakPointsView,workbench.debug.callStackView,workbench.debug.watchExpressionsView,workbench.debug.variablesView from workbench.view.debug
2023-06-16 23:33:02.313 [info] Added views:workbench.debug.welcome in workbench.view.debug
2023-06-16 23:34:58.859 [info] Added views:workbench.panel.markers.view in workbench.panel.markers
2023-06-16 23:34:58.859 [info] Added views:workbench.panel.output in workbench.panel.output
2023-06-16 23:34:58.859 [info] Added views:terminal in terminal
2023-06-16 23:34:58.859 [info] Added views:outline in workbench.view.explorer
2023-06-16 23:34:58.859 [info] Added views:workbench.scm in workbench.view.scm
2023-06-16 23:34:58.859 [info] Added views:workbench.view.search in workbench.view.search
2023-06-16 23:34:58.859 [info] Added views:timeline in workbench.view.explorer
2023-06-16 23:34:58.859 [info] Added views:workbench.explorer.fileView in workbench.view.explorer
2023-06-16 23:34:59.253 [info] Added views:workbench.debug.variablesView,workbench.debug.watchExpressionsView,workbench.debug.callStackView,workbench.debug.breakPointsView in workbench.view.debug
2023-06-16 23:34:59.362 [info] Added views:workbench.panel.repl.view in workbench.panel.repl
2023-06-16 23:34:59.365 [info] Removed views:workbench.debug.breakPointsView,workbench.debug.callStackView,workbench.debug.watchExpressionsView,workbench.debug.variablesView from workbench.view.debug
2023-06-16 23:34:59.366 [info] Added views:workbench.debug.welcome in workbench.view.debug
2023-06-16 23:44:43.703 [info] Added views:workbench.views.extensions.installed,workbench.views.extensions.popular,extensions.recommendedList in workbench.view.extensions
2023-06-16 23:44:43.705 [info] Removed views:workbench.views.extensions.popular from workbench.view.extensions
2023-06-16 23:44:44.294 [info] Removed views:extensions.recommendedList,workbench.views.extensions.installed from workbench.view.extensions
2023-06-16 23:44:44.313 [info] Added views:workbench.views.extensions.marketplace in workbench.view.extensions
2023-06-17 00:03:41.914 [info] Removed views:workbench.views.extensions.marketplace from workbench.view.extensions
2023-06-17 00:03:41.947 [info] Added views:workbench.views.extensions.installed,extensions.recommendedList in workbench.view.extensions
