2023-06-17 20:05:30.658 [info] Log level: Info
2023-06-17 20:05:30.658 [info] Validating found git in: "git"
2023-06-17 20:05:30.658 [info] Using git "2.41.0" from "git"
2023-06-17 20:05:30.662 [info] > git rev-parse --show-toplevel [5ms]
2023-06-17 20:05:30.676 [info] > git rev-parse --git-dir --git-common-dir [3ms]
2023-06-17 20:05:30.686 [info] Open repository: /home/efliao/Desktop/CompetitiveProgramming
2023-06-17 20:05:30.706 [info] > git config --get commit.template [4ms]
2023-06-17 20:05:30.706 [info] > git rev-parse --show-toplevel [12ms]
2023-06-17 20:05:30.712 [info] > git rev-parse --show-toplevel [2ms]
2023-06-17 20:05:30.722 [info] > git rev-parse --show-toplevel [6ms]
2023-06-17 20:05:30.728 [info] > git for-each-ref --format=%(refname)%00%(upstream:short)%00%(objectname)%00%(upstream:track)%00%(upstream:remotename)%00%(upstream:remoteref) refs/heads/main refs/remotes/main [6ms]
2023-06-17 20:05:30.734 [info] > git rev-parse --show-toplevel [7ms]
2023-06-17 20:05:30.740 [info] > git status -z -uall [7ms]
2023-06-17 20:05:30.752 [info] > git rev-parse --show-toplevel [13ms]
2023-06-17 20:05:30.759 [info] > git rev-parse --show-toplevel [1ms]
2023-06-17 20:05:30.764 [info] > git config --get commit.template [11ms]
2023-06-17 20:05:30.764 [info] > git rev-parse --show-toplevel [1ms]
2023-06-17 20:05:30.774 [info] > git rev-parse --show-toplevel [5ms]
2023-06-17 20:05:30.782 [info] > git rev-parse --show-toplevel [1ms]
2023-06-17 20:05:30.788 [info] > git for-each-ref --format=%(refname)%00%(upstream:short)%00%(objectname)%00%(upstream:track)%00%(upstream:remotename)%00%(upstream:remoteref) refs/heads/main refs/remotes/main [14ms]
2023-06-17 20:05:30.794 [info] > git rev-parse --show-toplevel [7ms]
2023-06-17 20:05:30.800 [info] > git status -z -uall [7ms]
2023-06-17 20:05:30.803 [info] > git rev-parse --show-toplevel [4ms]
2023-06-17 20:05:30.809 [info] > git rev-parse --show-toplevel [1ms]
2023-06-17 20:05:30.816 [info] > git rev-parse --show-toplevel [2ms]
2023-06-17 20:05:31.232 [info] > git check-ignore -v -z --stdin [6ms]
2023-06-17 20:05:38.536 [info] > git check-ignore -v -z --stdin [4ms]
2023-06-17 20:05:39.505 [info] > git check-ignore -v -z --stdin [2ms]
2023-06-17 20:05:50.328 [info] > git check-ignore -v -z --stdin [2ms]
2023-06-17 20:05:50.905 [info] > git config --get commit.template [9ms]
2023-06-17 20:05:50.906 [info] > git for-each-ref --format=%(refname)%00%(upstream:short)%00%(objectname)%00%(upstream:track)%00%(upstream:remotename)%00%(upstream:remoteref) refs/heads/main refs/remotes/main [3ms]
2023-06-17 20:05:50.915 [info] > git status -z -uall [3ms]
2023-06-17 20:05:52.693 [info] > git check-ignore -v -z --stdin [5ms]
2023-06-17 20:05:55.887 [info] > git show --textconv :atcoder/abc/306/a.cpp [9ms]
2023-06-17 20:05:55.890 [info] > git ls-files --stage -- /home/efliao/Desktop/CompetitiveProgramming/atcoder/abc/306/a.cpp [3ms]
2023-06-17 20:05:55.990 [info] > git check-ignore -v -z --stdin [2ms]
2023-06-17 20:05:56.590 [info] > git config --get commit.template [7ms]
2023-06-17 20:05:56.591 [info] > git for-each-ref --format=%(refname)%00%(upstream:short)%00%(objectname)%00%(upstream:track)%00%(upstream:remotename)%00%(upstream:remoteref) refs/heads/main refs/remotes/main [2ms]
2023-06-17 20:05:56.602 [info] > git status -z -uall [4ms]
2023-06-17 20:06:38.068 [info] > git config --get commit.template [12ms]
2023-06-17 20:06:38.068 [info] > git for-each-ref --format=%(refname)%00%(upstream:short)%00%(objectname)%00%(upstream:track)%00%(upstream:remotename)%00%(upstream:remoteref) refs/heads/main refs/remotes/main [2ms]
2023-06-17 20:06:38.082 [info] > git status -z -uall [6ms]
2023-06-17 20:06:43.111 [info] > git config --get commit.template [10ms]
2023-06-17 20:06:43.111 [info] > git for-each-ref --format=%(refname)%00%(upstream:short)%00%(objectname)%00%(upstream:track)%00%(upstream:remotename)%00%(upstream:remoteref) refs/heads/main refs/remotes/main [2ms]
2023-06-17 20:06:43.123 [info] > git status -z -uall [3ms]
2023-06-17 20:07:26.075 [info] > git config --get commit.template [10ms]
2023-06-17 20:07:26.075 [info] > git for-each-ref --format=%(refname)%00%(upstream:short)%00%(objectname)%00%(upstream:track)%00%(upstream:remotename)%00%(upstream:remoteref) refs/heads/main refs/remotes/main [2ms]
2023-06-17 20:07:26.087 [info] > git status -z -uall [3ms]
2023-06-17 20:07:32.171 [info] > git config --get commit.template [27ms]
2023-06-17 20:07:32.172 [info] > git for-each-ref --format=%(refname)%00%(upstream:short)%00%(objectname)%00%(upstream:track)%00%(upstream:remotename)%00%(upstream:remoteref) refs/heads/main refs/remotes/main [4ms]
2023-06-17 20:07:32.190 [info] > git status -z -uall [5ms]
2023-06-17 20:07:38.631 [info] > git config --get commit.template [30ms]
2023-06-17 20:07:38.634 [info] > git for-each-ref --format=%(refname)%00%(upstream:short)%00%(objectname)%00%(upstream:track)%00%(upstream:remotename)%00%(upstream:remoteref) refs/heads/main refs/remotes/main [5ms]
2023-06-17 20:07:38.657 [info] > git status -z -uall [5ms]
2023-06-17 20:07:42.787 [info] > git check-ignore -v -z --stdin [2ms]
2023-06-17 20:07:43.522 [info] > git show --textconv :atcoder/abc/306/output [12ms]
2023-06-17 20:07:43.524 [info] > git ls-files --stage -- /home/efliao/Desktop/CompetitiveProgramming/atcoder/abc/306/output [2ms]
2023-06-17 20:07:43.718 [info] > git config --get commit.template [18ms]
2023-06-17 20:07:43.720 [info] > git for-each-ref --format=%(refname)%00%(upstream:short)%00%(objectname)%00%(upstream:track)%00%(upstream:remotename)%00%(upstream:remoteref) refs/heads/main refs/remotes/main [3ms]
2023-06-17 20:07:43.742 [info] > git status -z -uall [6ms]
2023-06-17 20:07:52.725 [info] > git config --get commit.template [2ms]
2023-06-17 20:07:52.737 [info] > git for-each-ref --format=%(refname)%00%(upstream:short)%00%(objectname)%00%(upstream:track)%00%(upstream:remotename)%00%(upstream:remoteref) refs/heads/main refs/remotes/main [2ms]
2023-06-17 20:07:52.748 [info] > git status -z -uall [3ms]
2023-06-17 20:08:49.421 [info] > git config --get commit.template [13ms]
2023-06-17 20:08:49.422 [info] > git for-each-ref --format=%(refname)%00%(upstream:short)%00%(objectname)%00%(upstream:track)%00%(upstream:remotename)%00%(upstream:remoteref) refs/heads/main refs/remotes/main [2ms]
2023-06-17 20:08:49.435 [info] > git status -z -uall [3ms]
2023-06-17 20:11:06.011 [info] > git config --get commit.template [30ms]
2023-06-17 20:11:06.022 [info] > git for-each-ref --format=%(refname)%00%(upstream:short)%00%(objectname)%00%(upstream:track)%00%(upstream:remotename)%00%(upstream:remoteref) refs/heads/main refs/remotes/main [13ms]
2023-06-17 20:11:06.046 [info] > git status -z -uall [5ms]
2023-06-17 20:11:11.089 [info] > git config --get commit.template [12ms]
2023-06-17 20:11:11.090 [info] > git for-each-ref --format=%(refname)%00%(upstream:short)%00%(objectname)%00%(upstream:track)%00%(upstream:remotename)%00%(upstream:remoteref) refs/heads/main refs/remotes/main [2ms]
2023-06-17 20:11:11.102 [info] > git status -z -uall [5ms]
2023-06-17 20:11:18.555 [info] > git config --get commit.template [11ms]
2023-06-17 20:11:18.556 [info] > git for-each-ref --format=%(refname)%00%(upstream:short)%00%(objectname)%00%(upstream:track)%00%(upstream:remotename)%00%(upstream:remoteref) refs/heads/main refs/remotes/main [2ms]
2023-06-17 20:11:18.568 [info] > git status -z -uall [3ms]
2023-06-17 20:11:27.567 [info] > git config --get commit.template [13ms]
2023-06-17 20:11:27.569 [info] > git for-each-ref --format=%(refname)%00%(upstream:short)%00%(objectname)%00%(upstream:track)%00%(upstream:remotename)%00%(upstream:remoteref) refs/heads/main refs/remotes/main [2ms]
2023-06-17 20:11:27.585 [info] > git status -z -uall [5ms]
2023-06-17 20:11:55.383 [info] > git config --get commit.template [10ms]
2023-06-17 20:11:55.383 [info] > git for-each-ref --format=%(refname)%00%(upstream:short)%00%(objectname)%00%(upstream:track)%00%(upstream:remotename)%00%(upstream:remoteref) refs/heads/main refs/remotes/main [1ms]
2023-06-17 20:11:55.396 [info] > git status -z -uall [3ms]
2023-06-17 20:12:03.127 [info] > git config --get commit.template [12ms]
2023-06-17 20:12:03.128 [info] > git for-each-ref --format=%(refname)%00%(upstream:short)%00%(objectname)%00%(upstream:track)%00%(upstream:remotename)%00%(upstream:remoteref) refs/heads/main refs/remotes/main [2ms]
2023-06-17 20:12:03.142 [info] > git status -z -uall [4ms]
2023-06-17 20:12:08.203 [info] > git config --get commit.template [29ms]
2023-06-17 20:12:08.206 [info] > git for-each-ref --format=%(refname)%00%(upstream:short)%00%(objectname)%00%(upstream:track)%00%(upstream:remotename)%00%(upstream:remoteref) refs/heads/main refs/remotes/main [6ms]
2023-06-17 20:12:08.234 [info] > git status -z -uall [6ms]
2023-06-17 20:12:28.616 [info] > git config --get commit.template [25ms]
2023-06-17 20:12:28.626 [info] > git for-each-ref --format=%(refname)%00%(upstream:short)%00%(objectname)%00%(upstream:track)%00%(upstream:remotename)%00%(upstream:remoteref) refs/heads/main refs/remotes/main [12ms]
2023-06-17 20:12:28.646 [info] > git status -z -uall [5ms]
2023-06-17 20:12:35.708 [info] > git show --textconv :atcoder/abc/306/b.cpp [18ms]
2023-06-17 20:12:35.710 [info] > git ls-files --stage -- /home/efliao/Desktop/CompetitiveProgramming/atcoder/abc/306/b.cpp [2ms]
2023-06-17 20:12:35.935 [info] > git check-ignore -v -z --stdin [5ms]
2023-06-17 20:12:36.461 [info] > git config --get commit.template [26ms]
2023-06-17 20:12:36.464 [info] > git for-each-ref --format=%(refname)%00%(upstream:short)%00%(objectname)%00%(upstream:track)%00%(upstream:remotename)%00%(upstream:remoteref) refs/heads/main refs/remotes/main [3ms]
2023-06-17 20:12:36.490 [info] > git status -z -uall [12ms]
2023-06-17 20:12:41.515 [info] > git config --get commit.template [11ms]
2023-06-17 20:12:41.517 [info] > git for-each-ref --format=%(refname)%00%(upstream:short)%00%(objectname)%00%(upstream:track)%00%(upstream:remotename)%00%(upstream:remoteref) refs/heads/main refs/remotes/main [3ms]
2023-06-17 20:12:41.536 [info] > git status -z -uall [10ms]
2023-06-17 20:12:46.600 [info] > git config --get commit.template [31ms]
2023-06-17 20:12:46.602 [info] > git for-each-ref --format=%(refname)%00%(upstream:short)%00%(objectname)%00%(upstream:track)%00%(upstream:remotename)%00%(upstream:remoteref) refs/heads/main refs/remotes/main [5ms]
2023-06-17 20:12:46.626 [info] > git status -z -uall [6ms]
2023-06-17 20:12:51.687 [info] > git config --get commit.template [25ms]
2023-06-17 20:12:51.689 [info] > git for-each-ref --format=%(refname)%00%(upstream:short)%00%(objectname)%00%(upstream:track)%00%(upstream:remotename)%00%(upstream:remoteref) refs/heads/main refs/remotes/main [4ms]
2023-06-17 20:12:51.710 [info] > git status -z -uall [5ms]
2023-06-17 20:12:58.921 [info] > git config --get commit.template [13ms]
2023-06-17 20:12:58.923 [info] > git for-each-ref --format=%(refname)%00%(upstream:short)%00%(objectname)%00%(upstream:track)%00%(upstream:remotename)%00%(upstream:remoteref) refs/heads/main refs/remotes/main [3ms]
2023-06-17 20:12:58.938 [info] > git status -z -uall [4ms]
2023-06-17 20:13:03.959 [info] > git config --get commit.template [2ms]
2023-06-17 20:13:03.970 [info] > git for-each-ref --format=%(refname)%00%(upstream:short)%00%(objectname)%00%(upstream:track)%00%(upstream:remotename)%00%(upstream:remoteref) refs/heads/main refs/remotes/main [2ms]
2023-06-17 20:13:03.982 [info] > git status -z -uall [3ms]
2023-06-17 20:15:44.229 [info] > git config --get commit.template [13ms]
2023-06-17 20:15:44.230 [info] > git for-each-ref --format=%(refname)%00%(upstream:short)%00%(objectname)%00%(upstream:track)%00%(upstream:remotename)%00%(upstream:remoteref) refs/heads/main refs/remotes/main [2ms]
2023-06-17 20:15:44.245 [info] > git status -z -uall [4ms]
2023-06-17 20:15:48.277 [info] > git check-ignore -v -z --stdin [6ms]
2023-06-17 20:15:52.561 [info] > git show --textconv :atcoder/abc/306/c.cpp [30ms]
2023-06-17 20:15:52.564 [info] > git ls-files --stage -- /home/efliao/Desktop/CompetitiveProgramming/atcoder/abc/306/c.cpp [5ms]
2023-06-17 20:15:52.797 [info] > git check-ignore -v -z --stdin [5ms]
2023-06-17 20:15:53.375 [info] > git config --get commit.template [24ms]
2023-06-17 20:15:53.376 [info] > git for-each-ref --format=%(refname)%00%(upstream:short)%00%(objectname)%00%(upstream:track)%00%(upstream:remotename)%00%(upstream:remoteref) refs/heads/main refs/remotes/main [2ms]
2023-06-17 20:15:53.393 [info] > git status -z -uall [4ms]
2023-06-17 20:16:08.404 [info] > git config --get commit.template [12ms]
2023-06-17 20:16:08.405 [info] > git for-each-ref --format=%(refname)%00%(upstream:short)%00%(objectname)%00%(upstream:track)%00%(upstream:remotename)%00%(upstream:remoteref) refs/heads/main refs/remotes/main [2ms]
2023-06-17 20:16:08.424 [info] > git status -z -uall [9ms]
2023-06-17 20:16:17.942 [info] > git config --get commit.template [11ms]
2023-06-17 20:16:17.943 [info] > git for-each-ref --format=%(refname)%00%(upstream:short)%00%(objectname)%00%(upstream:track)%00%(upstream:remotename)%00%(upstream:remoteref) refs/heads/main refs/remotes/main [2ms]
2023-06-17 20:16:17.956 [info] > git status -z -uall [4ms]
2023-06-17 20:16:32.134 [info] > git config --get commit.template [30ms]
2023-06-17 20:16:32.137 [info] > git for-each-ref --format=%(refname)%00%(upstream:short)%00%(objectname)%00%(upstream:track)%00%(upstream:remotename)%00%(upstream:remoteref) refs/heads/main refs/remotes/main [5ms]
2023-06-17 20:16:32.164 [info] > git status -z -uall [6ms]
2023-06-17 20:17:08.431 [info] > git config --get commit.template [25ms]
2023-06-17 20:17:08.433 [info] > git for-each-ref --format=%(refname)%00%(upstream:short)%00%(objectname)%00%(upstream:track)%00%(upstream:remotename)%00%(upstream:remoteref) refs/heads/main refs/remotes/main [3ms]
2023-06-17 20:17:08.446 [info] > git status -z -uall [3ms]
2023-06-17 20:17:18.648 [info] > git config --get commit.template [8ms]
2023-06-17 20:17:18.648 [info] > git for-each-ref --format=%(refname)%00%(upstream:short)%00%(objectname)%00%(upstream:track)%00%(upstream:remotename)%00%(upstream:remoteref) refs/heads/main refs/remotes/main [1ms]
2023-06-17 20:17:18.658 [info] > git status -z -uall [2ms]
2023-06-17 20:17:38.031 [info] > git config --get commit.template [30ms]
2023-06-17 20:17:38.034 [info] > git for-each-ref --format=%(refname)%00%(upstream:short)%00%(objectname)%00%(upstream:track)%00%(upstream:remotename)%00%(upstream:remoteref) refs/heads/main refs/remotes/main [5ms]
2023-06-17 20:17:38.057 [info] > git status -z -uall [6ms]
2023-06-17 20:17:59.456 [info] > git config --get commit.template [30ms]
2023-06-17 20:17:59.459 [info] > git for-each-ref --format=%(refname)%00%(upstream:short)%00%(objectname)%00%(upstream:track)%00%(upstream:remotename)%00%(upstream:remoteref) refs/heads/main refs/remotes/main [6ms]
2023-06-17 20:17:59.489 [info] > git status -z -uall [7ms]
2023-06-17 20:18:39.385 [info] > git config --get commit.template [30ms]
2023-06-17 20:18:39.390 [info] > git for-each-ref --format=%(refname)%00%(upstream:short)%00%(objectname)%00%(upstream:track)%00%(upstream:remotename)%00%(upstream:remoteref) refs/heads/main refs/remotes/main [7ms]
2023-06-17 20:18:39.413 [info] > git status -z -uall [5ms]
2023-06-17 20:18:48.793 [info] > git config --get commit.template [11ms]
2023-06-17 20:18:48.794 [info] > git for-each-ref --format=%(refname)%00%(upstream:short)%00%(objectname)%00%(upstream:track)%00%(upstream:remotename)%00%(upstream:remoteref) refs/heads/main refs/remotes/main [1ms]
2023-06-17 20:18:48.807 [info] > git status -z -uall [3ms]
2023-06-17 20:18:56.989 [info] > git config --get commit.template [10ms]
2023-06-17 20:18:56.990 [info] > git for-each-ref --format=%(refname)%00%(upstream:short)%00%(objectname)%00%(upstream:track)%00%(upstream:remotename)%00%(upstream:remoteref) refs/heads/main refs/remotes/main [2ms]
2023-06-17 20:18:57.003 [info] > git status -z -uall [4ms]
2023-06-17 20:19:17.798 [info] > git config --get commit.template [30ms]
2023-06-17 20:19:17.801 [info] > git for-each-ref --format=%(refname)%00%(upstream:short)%00%(objectname)%00%(upstream:track)%00%(upstream:remotename)%00%(upstream:remoteref) refs/heads/main refs/remotes/main [6ms]
2023-06-17 20:19:17.826 [info] > git status -z -uall [7ms]
2023-06-17 20:19:35.733 [info] > git config --get commit.template [22ms]
2023-06-17 20:19:35.735 [info] > git for-each-ref --format=%(refname)%00%(upstream:short)%00%(objectname)%00%(upstream:track)%00%(upstream:remotename)%00%(upstream:remoteref) refs/heads/main refs/remotes/main [3ms]
2023-06-17 20:19:35.752 [info] > git status -z -uall [4ms]
2023-06-17 20:19:40.814 [info] > git config --get commit.template [30ms]
2023-06-17 20:19:40.817 [info] > git for-each-ref --format=%(refname)%00%(upstream:short)%00%(objectname)%00%(upstream:track)%00%(upstream:remotename)%00%(upstream:remoteref) refs/heads/main refs/remotes/main [6ms]
2023-06-17 20:19:40.845 [info] > git status -z -uall [8ms]
2023-06-17 20:19:45.888 [info] > git config --get commit.template [14ms]
2023-06-17 20:19:45.889 [info] > git for-each-ref --format=%(refname)%00%(upstream:short)%00%(objectname)%00%(upstream:track)%00%(upstream:remotename)%00%(upstream:remoteref) refs/heads/main refs/remotes/main [2ms]
2023-06-17 20:19:45.903 [info] > git status -z -uall [3ms]
2023-06-17 20:19:57.428 [info] > git config --get commit.template [10ms]
2023-06-17 20:19:57.429 [info] > git for-each-ref --format=%(refname)%00%(upstream:short)%00%(objectname)%00%(upstream:track)%00%(upstream:remotename)%00%(upstream:remoteref) refs/heads/main refs/remotes/main [1ms]
2023-06-17 20:19:57.441 [info] > git status -z -uall [3ms]
2023-06-17 20:21:07.964 [info] > git config --get commit.template [3ms]
2023-06-17 20:21:07.977 [info] > git for-each-ref --format=%(refname)%00%(upstream:short)%00%(objectname)%00%(upstream:track)%00%(upstream:remotename)%00%(upstream:remoteref) refs/heads/main refs/remotes/main [2ms]
2023-06-17 20:21:07.990 [info] > git status -z -uall [3ms]
2023-06-17 20:21:13.051 [info] > git config --get commit.template [26ms]
2023-06-17 20:21:13.053 [info] > git for-each-ref --format=%(refname)%00%(upstream:short)%00%(objectname)%00%(upstream:track)%00%(upstream:remotename)%00%(upstream:remoteref) refs/heads/main refs/remotes/main [3ms]
2023-06-17 20:21:13.078 [info] > git status -z -uall [7ms]
2023-06-17 20:21:54.597 [info] > git config --get commit.template [10ms]
2023-06-17 20:21:54.598 [info] > git for-each-ref --format=%(refname)%00%(upstream:short)%00%(objectname)%00%(upstream:track)%00%(upstream:remotename)%00%(upstream:remoteref) refs/heads/main refs/remotes/main [2ms]
2023-06-17 20:21:54.610 [info] > git status -z -uall [3ms]
2023-06-17 20:21:59.673 [info] > git config --get commit.template [32ms]
2023-06-17 20:21:59.675 [info] > git for-each-ref --format=%(refname)%00%(upstream:short)%00%(objectname)%00%(upstream:track)%00%(upstream:remotename)%00%(upstream:remoteref) refs/heads/main refs/remotes/main [5ms]
2023-06-17 20:21:59.693 [info] > git status -z -uall [5ms]
2023-06-17 20:22:24.642 [info] > git config --get commit.template [26ms]
2023-06-17 20:22:24.644 [info] > git for-each-ref --format=%(refname)%00%(upstream:short)%00%(objectname)%00%(upstream:track)%00%(upstream:remotename)%00%(upstream:remoteref) refs/heads/main refs/remotes/main [4ms]
2023-06-17 20:22:24.664 [info] > git status -z -uall [5ms]
2023-06-17 20:22:46.518 [info] > git config --get commit.template [30ms]
2023-06-17 20:22:46.522 [info] > git for-each-ref --format=%(refname)%00%(upstream:short)%00%(objectname)%00%(upstream:track)%00%(upstream:remotename)%00%(upstream:remoteref) refs/heads/main refs/remotes/main [6ms]
2023-06-17 20:22:46.553 [info] > git status -z -uall [8ms]
2023-06-17 20:22:51.581 [info] > git config --get commit.template [12ms]
2023-06-17 20:22:51.582 [info] > git for-each-ref --format=%(refname)%00%(upstream:short)%00%(objectname)%00%(upstream:track)%00%(upstream:remotename)%00%(upstream:remoteref) refs/heads/main refs/remotes/main [2ms]
2023-06-17 20:22:51.595 [info] > git status -z -uall [3ms]
2023-06-17 20:22:57.920 [info] > git config --get commit.template [12ms]
2023-06-17 20:22:57.921 [info] > git for-each-ref --format=%(refname)%00%(upstream:short)%00%(objectname)%00%(upstream:track)%00%(upstream:remotename)%00%(upstream:remoteref) refs/heads/main refs/remotes/main [2ms]
2023-06-17 20:22:57.947 [info] > git status -z -uall [15ms]
2023-06-17 20:23:03.017 [info] > git for-each-ref --format=%(refname)%00%(upstream:short)%00%(objectname)%00%(upstream:track)%00%(upstream:remotename)%00%(upstream:remoteref) refs/heads/main refs/remotes/main [5ms]
2023-06-17 20:23:03.017 [info] > git config --get commit.template [31ms]
2023-06-17 20:23:03.035 [info] > git status -z -uall [4ms]
2023-06-17 20:23:08.065 [info] > git config --get commit.template [12ms]
2023-06-17 20:23:08.066 [info] > git for-each-ref --format=%(refname)%00%(upstream:short)%00%(objectname)%00%(upstream:track)%00%(upstream:remotename)%00%(upstream:remoteref) refs/heads/main refs/remotes/main [2ms]
2023-06-17 20:23:08.080 [info] > git status -z -uall [3ms]
2023-06-17 20:23:13.106 [info] > git config --get commit.template [9ms]
2023-06-17 20:23:13.107 [info] > git for-each-ref --format=%(refname)%00%(upstream:short)%00%(objectname)%00%(upstream:track)%00%(upstream:remotename)%00%(upstream:remoteref) refs/heads/main refs/remotes/main [1ms]
2023-06-17 20:23:13.119 [info] > git status -z -uall [3ms]
2023-06-17 20:23:18.149 [info] > git config --get commit.template [14ms]
2023-06-17 20:23:18.151 [info] > git for-each-ref --format=%(refname)%00%(upstream:short)%00%(objectname)%00%(upstream:track)%00%(upstream:remotename)%00%(upstream:remoteref) refs/heads/main refs/remotes/main [3ms]
2023-06-17 20:23:18.169 [info] > git status -z -uall [5ms]
2023-06-17 20:23:23.233 [info] > git config --get commit.template [30ms]
2023-06-17 20:23:23.236 [info] > git for-each-ref --format=%(refname)%00%(upstream:short)%00%(objectname)%00%(upstream:track)%00%(upstream:remotename)%00%(upstream:remoteref) refs/heads/main refs/remotes/main [5ms]
2023-06-17 20:23:23.271 [info] > git status -z -uall [8ms]
2023-06-17 20:23:28.287 [info] > git config --get commit.template [2ms]
2023-06-17 20:23:28.299 [info] > git for-each-ref --format=%(refname)%00%(upstream:short)%00%(objectname)%00%(upstream:track)%00%(upstream:remotename)%00%(upstream:remoteref) refs/heads/main refs/remotes/main [2ms]
2023-06-17 20:23:28.312 [info] > git status -z -uall [4ms]
2023-06-17 20:23:49.570 [info] > git config --get commit.template [13ms]
2023-06-17 20:23:49.571 [info] > git for-each-ref --format=%(refname)%00%(upstream:short)%00%(objectname)%00%(upstream:track)%00%(upstream:remotename)%00%(upstream:remoteref) refs/heads/main refs/remotes/main [2ms]
2023-06-17 20:23:49.585 [info] > git status -z -uall [4ms]
2023-06-17 20:23:55.174 [info] > git check-ignore -v -z --stdin [2ms]
2023-06-17 20:23:58.879 [info] > git show --textconv :atcoder/abc/306/d.cpp [31ms]
2023-06-17 20:23:58.883 [info] > git ls-files --stage -- /home/efliao/Desktop/CompetitiveProgramming/atcoder/abc/306/d.cpp [5ms]
2023-06-17 20:23:59.106 [info] > git check-ignore -v -z --stdin [5ms]
2023-06-17 20:23:59.634 [info] > git config --get commit.template [24ms]
2023-06-17 20:23:59.635 [info] > git for-each-ref --format=%(refname)%00%(upstream:short)%00%(objectname)%00%(upstream:track)%00%(upstream:remotename)%00%(upstream:remoteref) refs/heads/main refs/remotes/main [2ms]
2023-06-17 20:23:59.650 [info] > git status -z -uall [4ms]
2023-06-17 20:24:10.864 [info] > git config --get commit.template [15ms]
2023-06-17 20:24:10.864 [info] > git for-each-ref --format=%(refname)%00%(upstream:short)%00%(objectname)%00%(upstream:track)%00%(upstream:remotename)%00%(upstream:remoteref) refs/heads/main refs/remotes/main [2ms]
2023-06-17 20:24:10.877 [info] > git status -z -uall [3ms]
2023-06-17 20:28:17.273 [info] > git config --get commit.template [2ms]
2023-06-17 20:28:17.287 [info] > git for-each-ref --format=%(refname)%00%(upstream:short)%00%(objectname)%00%(upstream:track)%00%(upstream:remotename)%00%(upstream:remoteref) refs/heads/main refs/remotes/main [2ms]
2023-06-17 20:28:17.302 [info] > git status -z -uall [5ms]
2023-06-17 20:28:31.899 [info] > git config --get commit.template [13ms]
2023-06-17 20:28:31.900 [info] > git for-each-ref --format=%(refname)%00%(upstream:short)%00%(objectname)%00%(upstream:track)%00%(upstream:remotename)%00%(upstream:remoteref) refs/heads/main refs/remotes/main [2ms]
2023-06-17 20:28:31.914 [info] > git status -z -uall [4ms]
2023-06-17 20:36:04.052 [info] > git config --get commit.template [14ms]
2023-06-17 20:36:04.052 [info] > git for-each-ref --format=%(refname)%00%(upstream:short)%00%(objectname)%00%(upstream:track)%00%(upstream:remotename)%00%(upstream:remoteref) refs/heads/main refs/remotes/main [1ms]
2023-06-17 20:36:04.067 [info] > git status -z -uall [4ms]
2023-06-17 20:36:21.993 [info] > git config --get commit.template [11ms]
2023-06-17 20:36:21.994 [info] > git for-each-ref --format=%(refname)%00%(upstream:short)%00%(objectname)%00%(upstream:track)%00%(upstream:remotename)%00%(upstream:remoteref) refs/heads/main refs/remotes/main [2ms]
2023-06-17 20:36:22.007 [info] > git status -z -uall [4ms]
2023-06-17 20:36:27.033 [info] > git config --get commit.template [10ms]
2023-06-17 20:36:27.035 [info] > git for-each-ref --format=%(refname)%00%(upstream:short)%00%(objectname)%00%(upstream:track)%00%(upstream:remotename)%00%(upstream:remoteref) refs/heads/main refs/remotes/main [2ms]
2023-06-17 20:36:27.047 [info] > git status -z -uall [3ms]
2023-06-17 20:36:45.777 [info] > git config --get commit.template [9ms]
2023-06-17 20:36:45.778 [info] > git for-each-ref --format=%(refname)%00%(upstream:short)%00%(objectname)%00%(upstream:track)%00%(upstream:remotename)%00%(upstream:remoteref) refs/heads/main refs/remotes/main [1ms]
2023-06-17 20:36:45.789 [info] > git status -z -uall [3ms]
2023-06-17 20:37:03.036 [info] > git config --get commit.template [27ms]
2023-06-17 20:37:03.036 [info] > git for-each-ref --format=%(refname)%00%(upstream:short)%00%(objectname)%00%(upstream:track)%00%(upstream:remotename)%00%(upstream:remoteref) refs/heads/main refs/remotes/main [2ms]
2023-06-17 20:37:03.050 [info] > git status -z -uall [3ms]
2023-06-17 20:37:11.734 [info] > git config --get commit.template [11ms]
2023-06-17 20:37:11.735 [info] > git for-each-ref --format=%(refname)%00%(upstream:short)%00%(objectname)%00%(upstream:track)%00%(upstream:remotename)%00%(upstream:remoteref) refs/heads/main refs/remotes/main [2ms]
2023-06-17 20:37:11.749 [info] > git status -z -uall [4ms]
2023-06-17 20:37:16.777 [info] > git config --get commit.template [11ms]
2023-06-17 20:37:16.778 [info] > git for-each-ref --format=%(refname)%00%(upstream:short)%00%(objectname)%00%(upstream:track)%00%(upstream:remotename)%00%(upstream:remoteref) refs/heads/main refs/remotes/main [2ms]
2023-06-17 20:37:16.791 [info] > git status -z -uall [3ms]
2023-06-17 20:37:55.273 [info] > git config --get commit.template [11ms]
2023-06-17 20:37:55.274 [info] > git for-each-ref --format=%(refname)%00%(upstream:short)%00%(objectname)%00%(upstream:track)%00%(upstream:remotename)%00%(upstream:remoteref) refs/heads/main refs/remotes/main [1ms]
2023-06-17 20:37:55.288 [info] > git status -z -uall [4ms]
2023-06-17 20:38:04.737 [info] > git config --get commit.template [12ms]
2023-06-17 20:38:04.738 [info] > git for-each-ref --format=%(refname)%00%(upstream:short)%00%(objectname)%00%(upstream:track)%00%(upstream:remotename)%00%(upstream:remoteref) refs/heads/main refs/remotes/main [1ms]
2023-06-17 20:38:04.754 [info] > git status -z -uall [3ms]
2023-06-17 20:38:16.627 [info] > git config --get commit.template [12ms]
2023-06-17 20:38:16.628 [info] > git for-each-ref --format=%(refname)%00%(upstream:short)%00%(objectname)%00%(upstream:track)%00%(upstream:remotename)%00%(upstream:remoteref) refs/heads/main refs/remotes/main [2ms]
2023-06-17 20:38:16.644 [info] > git status -z -uall [5ms]
2023-06-17 20:38:40.060 [info] > git config --get commit.template [15ms]
2023-06-17 20:38:40.061 [info] > git for-each-ref --format=%(refname)%00%(upstream:short)%00%(objectname)%00%(upstream:track)%00%(upstream:remotename)%00%(upstream:remoteref) refs/heads/main refs/remotes/main [2ms]
2023-06-17 20:38:40.077 [info] > git status -z -uall [3ms]
2023-06-17 20:38:49.933 [info] > git config --get commit.template [12ms]
2023-06-17 20:38:49.935 [info] > git for-each-ref --format=%(refname)%00%(upstream:short)%00%(objectname)%00%(upstream:track)%00%(upstream:remotename)%00%(upstream:remoteref) refs/heads/main refs/remotes/main [2ms]
2023-06-17 20:38:49.949 [info] > git status -z -uall [4ms]
2023-06-17 20:38:58.834 [info] > git config --get commit.template [29ms]
2023-06-17 20:38:58.838 [info] > git for-each-ref --format=%(refname)%00%(upstream:short)%00%(objectname)%00%(upstream:track)%00%(upstream:remotename)%00%(upstream:remoteref) refs/heads/main refs/remotes/main [6ms]
2023-06-17 20:38:58.871 [info] > git status -z -uall [7ms]
2023-06-17 20:39:24.355 [info] > git config --get commit.template [32ms]
2023-06-17 20:39:24.357 [info] > git for-each-ref --format=%(refname)%00%(upstream:short)%00%(objectname)%00%(upstream:track)%00%(upstream:remotename)%00%(upstream:remoteref) refs/heads/main refs/remotes/main [5ms]
2023-06-17 20:39:24.379 [info] > git status -z -uall [5ms]
2023-06-17 20:39:49.382 [info] > git config --get commit.template [12ms]
2023-06-17 20:39:49.383 [info] > git for-each-ref --format=%(refname)%00%(upstream:short)%00%(objectname)%00%(upstream:track)%00%(upstream:remotename)%00%(upstream:remoteref) refs/heads/main refs/remotes/main [2ms]
2023-06-17 20:39:49.396 [info] > git status -z -uall [3ms]
2023-06-17 20:40:27.055 [info] > git config --get commit.template [31ms]
2023-06-17 20:40:27.057 [info] > git for-each-ref --format=%(refname)%00%(upstream:short)%00%(objectname)%00%(upstream:track)%00%(upstream:remotename)%00%(upstream:remoteref) refs/heads/main refs/remotes/main [6ms]
2023-06-17 20:40:27.082 [info] > git status -z -uall [6ms]
2023-06-17 20:40:32.114 [info] > git config --get commit.template [13ms]
2023-06-17 20:40:32.115 [info] > git for-each-ref --format=%(refname)%00%(upstream:short)%00%(objectname)%00%(upstream:track)%00%(upstream:remotename)%00%(upstream:remoteref) refs/heads/main refs/remotes/main [2ms]
2023-06-17 20:40:32.126 [info] > git status -z -uall [3ms]
2023-06-17 20:52:52.211 [info] > git config --get commit.template [13ms]
2023-06-17 20:52:52.212 [info] > git for-each-ref --format=%(refname)%00%(upstream:short)%00%(objectname)%00%(upstream:track)%00%(upstream:remotename)%00%(upstream:remoteref) refs/heads/main refs/remotes/main [2ms]
2023-06-17 20:52:52.228 [info] > git status -z -uall [4ms]
2023-06-17 20:53:09.230 [info] > git config --get commit.template [11ms]
2023-06-17 20:53:09.231 [info] > git for-each-ref --format=%(refname)%00%(upstream:short)%00%(objectname)%00%(upstream:track)%00%(upstream:remotename)%00%(upstream:remoteref) refs/heads/main refs/remotes/main [2ms]
2023-06-17 20:53:09.246 [info] > git status -z -uall [4ms]
2023-06-17 20:53:23.583 [info] > git config --get commit.template [7ms]
2023-06-17 20:53:23.606 [info] > git for-each-ref --format=%(refname)%00%(upstream:short)%00%(objectname)%00%(upstream:track)%00%(upstream:remotename)%00%(upstream:remoteref) refs/heads/main refs/remotes/main [2ms]
2023-06-17 20:53:23.620 [info] > git status -z -uall [3ms]
2023-06-17 20:53:28.644 [info] > git config --get commit.template [13ms]
2023-06-17 20:53:28.659 [info] > git for-each-ref --format=%(refname)%00%(upstream:short)%00%(objectname)%00%(upstream:track)%00%(upstream:remotename)%00%(upstream:remoteref) refs/heads/main refs/remotes/main [19ms]
2023-06-17 20:53:28.669 [info] > git status -z -uall [2ms]
2023-06-17 20:53:34.084 [info] > git config --get commit.template [11ms]
2023-06-17 20:53:34.085 [info] > git for-each-ref --format=%(refname)%00%(upstream:short)%00%(objectname)%00%(upstream:track)%00%(upstream:remotename)%00%(upstream:remoteref) refs/heads/main refs/remotes/main [2ms]
2023-06-17 20:53:34.098 [info] > git status -z -uall [4ms]
2023-06-17 20:53:40.643 [info] > git config --get commit.template [20ms]
2023-06-17 20:53:40.646 [info] > git for-each-ref --format=%(refname)%00%(upstream:short)%00%(objectname)%00%(upstream:track)%00%(upstream:remotename)%00%(upstream:remoteref) refs/heads/main refs/remotes/main [3ms]
2023-06-17 20:53:40.669 [info] > git status -z -uall [6ms]
2023-06-17 20:53:45.776 [info] > git config --get commit.template [27ms]
2023-06-17 20:53:45.779 [info] > git for-each-ref --format=%(refname)%00%(upstream:short)%00%(objectname)%00%(upstream:track)%00%(upstream:remotename)%00%(upstream:remoteref) refs/heads/main refs/remotes/main [4ms]
2023-06-17 20:53:45.798 [info] > git status -z -uall [4ms]
2023-06-17 20:54:06.558 [info] > git config --get commit.template [3ms]
2023-06-17 20:54:06.574 [info] > git for-each-ref --format=%(refname)%00%(upstream:short)%00%(objectname)%00%(upstream:track)%00%(upstream:remotename)%00%(upstream:remoteref) refs/heads/main refs/remotes/main [1ms]
2023-06-17 20:54:06.594 [info] > git status -z -uall [6ms]
2023-06-17 20:54:11.614 [info] > git config --get commit.template [8ms]
2023-06-17 20:54:11.615 [info] > git for-each-ref --format=%(refname)%00%(upstream:short)%00%(objectname)%00%(upstream:track)%00%(upstream:remotename)%00%(upstream:remoteref) refs/heads/main refs/remotes/main [2ms]
2023-06-17 20:54:11.625 [info] > git status -z -uall [2ms]
2023-06-17 20:54:16.664 [info] > git config --get commit.template [12ms]
2023-06-17 20:54:16.666 [info] > git for-each-ref --format=%(refname)%00%(upstream:short)%00%(objectname)%00%(upstream:track)%00%(upstream:remotename)%00%(upstream:remoteref) refs/heads/main refs/remotes/main [2ms]
2023-06-17 20:54:16.679 [info] > git status -z -uall [4ms]
2023-06-17 20:54:43.597 [info] > git config --get commit.template [18ms]
2023-06-17 20:54:43.599 [info] > git for-each-ref --format=%(refname)%00%(upstream:short)%00%(objectname)%00%(upstream:track)%00%(upstream:remotename)%00%(upstream:remoteref) refs/heads/main refs/remotes/main [2ms]
2023-06-17 20:54:43.618 [info] > git status -z -uall [5ms]
2023-06-17 20:54:51.955 [info] > git config --get commit.template [16ms]
2023-06-17 20:54:51.956 [info] > git for-each-ref --format=%(refname)%00%(upstream:short)%00%(objectname)%00%(upstream:track)%00%(upstream:remotename)%00%(upstream:remoteref) refs/heads/main refs/remotes/main [2ms]
2023-06-17 20:54:51.969 [info] > git status -z -uall [3ms]
2023-06-17 20:55:06.402 [info] > git config --get commit.template [24ms]
2023-06-17 20:55:06.403 [info] > git for-each-ref --format=%(refname)%00%(upstream:short)%00%(objectname)%00%(upstream:track)%00%(upstream:remotename)%00%(upstream:remoteref) refs/heads/main refs/remotes/main [2ms]
2023-06-17 20:55:06.418 [info] > git status -z -uall [3ms]
2023-06-17 20:55:35.913 [info] > git check-ignore -v -z --stdin [3ms]
2023-06-17 20:55:36.666 [info] > git show --textconv :atcoder/abc/306/output [32ms]
2023-06-17 20:55:36.669 [info] > git ls-files --stage -- /home/efliao/Desktop/CompetitiveProgramming/atcoder/abc/306/output [6ms]
2023-06-17 20:56:13.853 [info] > git config --get commit.template [13ms]
2023-06-17 20:56:13.854 [info] > git for-each-ref --format=%(refname)%00%(upstream:short)%00%(objectname)%00%(upstream:track)%00%(upstream:remotename)%00%(upstream:remoteref) refs/heads/main refs/remotes/main [2ms]
2023-06-17 20:56:13.869 [info] > git status -z -uall [4ms]
2023-06-17 20:56:18.889 [info] > git config --get commit.template [8ms]
2023-06-17 20:56:18.890 [info] > git for-each-ref --format=%(refname)%00%(upstream:short)%00%(objectname)%00%(upstream:track)%00%(upstream:remotename)%00%(upstream:remoteref) refs/heads/main refs/remotes/main [1ms]
2023-06-17 20:56:18.901 [info] > git status -z -uall [3ms]
2023-06-17 20:56:23.930 [info] > git config --get commit.template [13ms]
2023-06-17 20:56:23.931 [info] > git for-each-ref --format=%(refname)%00%(upstream:short)%00%(objectname)%00%(upstream:track)%00%(upstream:remotename)%00%(upstream:remoteref) refs/heads/main refs/remotes/main [2ms]
2023-06-17 20:56:23.948 [info] > git status -z -uall [5ms]
2023-06-17 20:56:31.190 [info] > git config --get commit.template [10ms]
2023-06-17 20:56:31.191 [info] > git for-each-ref --format=%(refname)%00%(upstream:short)%00%(objectname)%00%(upstream:track)%00%(upstream:remotename)%00%(upstream:remoteref) refs/heads/main refs/remotes/main [2ms]
2023-06-17 20:56:31.203 [info] > git status -z -uall [3ms]
2023-06-17 20:56:49.674 [info] > git config --get commit.template [10ms]
2023-06-17 20:56:49.675 [info] > git for-each-ref --format=%(refname)%00%(upstream:short)%00%(objectname)%00%(upstream:track)%00%(upstream:remotename)%00%(upstream:remoteref) refs/heads/main refs/remotes/main [2ms]
2023-06-17 20:56:49.687 [info] > git status -z -uall [3ms]
2023-06-17 20:57:25.845 [info] > git config --get commit.template [29ms]
2023-06-17 20:57:25.849 [info] > git for-each-ref --format=%(refname)%00%(upstream:short)%00%(objectname)%00%(upstream:track)%00%(upstream:remotename)%00%(upstream:remoteref) refs/heads/main refs/remotes/main [6ms]
2023-06-17 20:57:25.886 [info] > git status -z -uall [10ms]
2023-06-17 20:57:30.918 [info] > git config --get commit.template [13ms]
2023-06-17 20:57:30.919 [info] > git for-each-ref --format=%(refname)%00%(upstream:short)%00%(objectname)%00%(upstream:track)%00%(upstream:remotename)%00%(upstream:remoteref) refs/heads/main refs/remotes/main [2ms]
2023-06-17 20:57:30.935 [info] > git status -z -uall [5ms]
2023-06-17 20:57:42.055 [info] > git for-each-ref --format=%(refname)%00%(upstream:short)%00%(objectname)%00%(upstream:track)%00%(upstream:remotename)%00%(upstream:remoteref) refs/heads/main refs/remotes/main [21ms]
2023-06-17 20:57:42.055 [info] > git config --get commit.template [45ms]
2023-06-17 20:57:42.067 [info] > git status -z -uall [3ms]
2023-06-17 20:57:47.183 [info] > git config --get commit.template [13ms]
2023-06-17 20:57:47.185 [info] > git for-each-ref --format=%(refname)%00%(upstream:short)%00%(objectname)%00%(upstream:track)%00%(upstream:remotename)%00%(upstream:remoteref) refs/heads/main refs/remotes/main [1ms]
2023-06-17 20:57:47.198 [info] > git status -z -uall [4ms]
2023-06-17 20:57:52.259 [info] > git config --get commit.template [25ms]
2023-06-17 20:57:52.261 [info] > git for-each-ref --format=%(refname)%00%(upstream:short)%00%(objectname)%00%(upstream:track)%00%(upstream:remotename)%00%(upstream:remoteref) refs/heads/main refs/remotes/main [4ms]
2023-06-17 20:57:52.282 [info] > git status -z -uall [6ms]
2023-06-17 20:57:57.347 [info] > git config --get commit.template [31ms]
2023-06-17 20:57:57.350 [info] > git for-each-ref --format=%(refname)%00%(upstream:short)%00%(objectname)%00%(upstream:track)%00%(upstream:remotename)%00%(upstream:remoteref) refs/heads/main refs/remotes/main [5ms]
2023-06-17 20:57:57.368 [info] > git status -z -uall [4ms]
2023-06-17 20:58:02.439 [info] > git config --get commit.template [33ms]
2023-06-17 20:58:02.444 [info] > git for-each-ref --format=%(refname)%00%(upstream:short)%00%(objectname)%00%(upstream:track)%00%(upstream:remotename)%00%(upstream:remoteref) refs/heads/main refs/remotes/main [7ms]
2023-06-17 20:58:02.466 [info] > git status -z -uall [6ms]
2023-06-17 20:58:07.519 [info] > git config --get commit.template [19ms]
2023-06-17 20:58:07.521 [info] > git for-each-ref --format=%(refname)%00%(upstream:short)%00%(objectname)%00%(upstream:track)%00%(upstream:remotename)%00%(upstream:remoteref) refs/heads/main refs/remotes/main [2ms]
2023-06-17 20:58:07.536 [info] > git status -z -uall [4ms]
2023-06-17 20:58:15.433 [info] > git config --get commit.template [13ms]
2023-06-17 20:58:15.434 [info] > git for-each-ref --format=%(refname)%00%(upstream:short)%00%(objectname)%00%(upstream:track)%00%(upstream:remotename)%00%(upstream:remoteref) refs/heads/main refs/remotes/main [2ms]
2023-06-17 20:58:15.448 [info] > git status -z -uall [4ms]
2023-06-17 20:58:26.677 [info] > git config --get commit.template [13ms]
2023-06-17 20:58:26.680 [info] > git for-each-ref --format=%(refname)%00%(upstream:short)%00%(objectname)%00%(upstream:track)%00%(upstream:remotename)%00%(upstream:remoteref) refs/heads/main refs/remotes/main [4ms]
2023-06-17 20:58:26.694 [info] > git status -z -uall [4ms]
2023-06-17 20:58:31.744 [info] > git config --get commit.template [19ms]
2023-06-17 20:58:31.746 [info] > git for-each-ref --format=%(refname)%00%(upstream:short)%00%(objectname)%00%(upstream:track)%00%(upstream:remotename)%00%(upstream:remoteref) refs/heads/main refs/remotes/main [3ms]
2023-06-17 20:58:31.763 [info] > git status -z -uall [5ms]
