2023-06-17 10:01:13.131 [info] [perf] Render performance baseline is 51ms
2023-06-17 10:51:47.530 [error] Error: file:///home/efliao/Desktop/Nextjs/todolist/src/app/new/page.tsx has changed in the meantime
    at e.BulkTextEdits.o (vscode-file://vscode-app/usr/share/code/resources/app/out/vs/workbench/workbench.desktop.main.js:767:9592)
    at e.BulkTextEdits.apply (vscode-file://vscode-app/usr/share/code/resources/app/out/vs/workbench/workbench.desktop.main.js:767:10294)
    at p.o (vscode-file://vscode-app/usr/share/code/resources/app/out/vs/workbench/workbench.desktop.main.js:2310:25230)
    at p.perform (vscode-file://vscode-app/usr/share/code/resources/app/out/vs/workbench/workbench.desktop.main.js:2310:24657)
    at e.BulkEditService.apply (vscode-file://vscode-app/usr/share/code/resources/app/out/vs/workbench/workbench.desktop.main.js:2310:26500)
    at e.MainThreadBulkEdits.$tryApplyWorkspaceEdit (vscode-file://vscode-app/usr/share/code/resources/app/out/vs/workbench/workbench.desktop.main.js:1544:13973)
    at p.N (vscode-file://vscode-app/usr/share/code/resources/app/out/vs/workbench/workbench.desktop.main.js:1535:15346)
    at p.M (vscode-file://vscode-app/usr/share/code/resources/app/out/vs/workbench/workbench.desktop.main.js:1535:15064)
    at p.H (vscode-file://vscode-app/usr/share/code/resources/app/out/vs/workbench/workbench.desktop.main.js:1535:14157)
    at p.G (vscode-file://vscode-app/usr/share/code/resources/app/out/vs/workbench/workbench.desktop.main.js:1535:13295)
    at vscode-file://vscode-app/usr/share/code/resources/app/out/vs/workbench/workbench.desktop.main.js:1535:11926
    at g.invoke (vscode-file://vscode-app/usr/share/code/resources/app/out/vs/workbench/workbench.desktop.main.js:93:145)
    at r.deliver (vscode-file://vscode-app/usr/share/code/resources/app/out/vs/workbench/workbench.desktop.main.js:93:2121)
    at s.fire (vscode-file://vscode-app/usr/share/code/resources/app/out/vs/workbench/workbench.desktop.main.js:93:1729)
    at l.fire (vscode-file://vscode-app/usr/share/code/resources/app/out/vs/workbench/workbench.desktop.main.js:564:15121)
    at ee.onmessage (vscode-file://vscode-app/usr/share/code/resources/app/out/vs/workbench/workbench.desktop.main.js:1636:1497)
2023-06-17 10:51:47.530 [warning] IGNORING workspace edit: Error: file:///home/efliao/Desktop/Nextjs/todolist/src/app/new/page.tsx has changed in the meantime
2023-06-17 11:09:31.701 [info] [perf] Render performance baseline is 45ms
