2023-06-17 10:01:10.906 [info] Extension host with pid 2625 started
2023-06-17 10:01:10.906 [info] Skipping acquiring lock for /home/efliao/.config/Code/User/workspaceStorage/6b3b75f6b30f806443c534b74a992e07.
2023-06-17 10:01:10.967 [info] ExtensionService#_doActivateExtension vscode.git-base, startup: true, activationEvent: '*', root cause: vscode.git
2023-06-17 10:01:10.970 [info] ExtensionService#_doActivateExtension naumovs.color-highlight, startup: true, activationEvent: '*'
2023-06-17 10:01:10.977 [info] ExtensionService#_doActivateExtension vscode.npm, startup: true, activationEvent: 'workspaceContains:package.json'
2023-06-17 10:01:11.017 [info] ExtensionService#_doActivateExtension vscode.git, startup: true, activationEvent: '*'
2023-06-17 10:01:11.053 [info] ExtensionService#_doActivateExtension vscode.github, startup: true, activationEvent: '*'
2023-06-17 10:01:11.099 [info] ExtensionService#_doActivateExtension vscode.github-authentication, startup: false, activationEvent: 'onAuthenticationRequest:github'
2023-06-17 10:01:11.243 [info] Eager extensions activated
2023-06-17 10:01:11.254 [info] ExtensionService#_doActivateExtension vscode.debug-auto-launch, startup: false, activationEvent: 'onStartupFinished'
2023-06-17 10:01:11.259 [info] ExtensionService#_doActivateExtension vscode.merge-conflict, startup: false, activationEvent: 'onStartupFinished'
2023-06-17 10:01:11.272 [info] ExtensionService#_doActivateExtension bradlc.vscode-tailwindcss, startup: false, activationEvent: 'onStartupFinished'
2023-06-17 10:01:11.373 [info] ExtensionService#_doActivateExtension vscode.microsoft-authentication, startup: false, activationEvent: 'onAuthenticationRequest:microsoft'
2023-06-17 10:01:21.708 [info] ExtensionService#_doActivateExtension vscode.typescript-language-features, startup: false, activationEvent: 'onLanguage:typescript'
2023-06-17 10:01:21.722 [info] ExtensionService#_doActivateExtension vscode.emmet, startup: false, activationEvent: 'onLanguage'
2023-06-17 10:19:35.885 [info] ExtensionService#_doActivateExtension vscode.json-language-features, startup: false, activationEvent: 'onLanguage:jsonc'
2023-06-17 10:29:24.059 [info] ExtensionService#_doActivateExtension vscode.simple-browser, startup: false, activationEvent: 'onOpenExternalUri:http'
2023-06-17 11:09:27.970 [info] Extension host terminating: renderer closed the MessagePort
2023-06-17 11:09:28.026 [info] Extension host with pid 2625 exiting with code 0
2023-06-17 11:09:29.265 [info] Extension host with pid 11824 started
2023-06-17 11:09:29.265 [info] Skipping acquiring lock for /home/efliao/.config/Code/User/workspaceStorage/fc645083678fe3d4bb41ae1955c15e60.
2023-06-17 11:09:29.441 [info] ExtensionService#_doActivateExtension vscode.emmet, startup: false, activationEvent: 'onLanguage'
2023-06-17 11:09:29.455 [info] ExtensionService#_doActivateExtension vscode.extension-editing, startup: false, activationEvent: 'onLanguage:markdown'
2023-06-17 11:09:29.463 [info] ExtensionService#_doActivateExtension vscode.markdown-language-features, startup: false, activationEvent: 'onLanguage:markdown'
2023-06-17 11:09:30.049 [info] ExtensionService#_doActivateExtension vscode.git-base, startup: true, activationEvent: '*', root cause: vscode.git
2023-06-17 11:09:30.060 [info] ExtensionService#_doActivateExtension naumovs.color-highlight, startup: true, activationEvent: '*'
2023-06-17 11:09:30.100 [info] ExtensionService#_doActivateExtension vscode.markdown-math, startup: false, activationEvent: 'api', root cause: vscode.markdown-language-features
2023-06-17 11:09:30.133 [info] ExtensionService#_doActivateExtension vscode.github-authentication, startup: false, activationEvent: 'onAuthenticationRequest:github'
2023-06-17 11:09:30.147 [info] ExtensionService#_doActivateExtension vscode.git, startup: true, activationEvent: '*'
2023-06-17 11:09:30.186 [info] ExtensionService#_doActivateExtension vscode.github, startup: true, activationEvent: '*'
2023-06-17 11:09:30.244 [info] Eager extensions activated
2023-06-17 11:09:30.263 [info] ExtensionService#_doActivateExtension vscode.debug-auto-launch, startup: false, activationEvent: 'onStartupFinished'
2023-06-17 11:09:30.267 [info] ExtensionService#_doActivateExtension vscode.merge-conflict, startup: false, activationEvent: 'onStartupFinished'
2023-06-17 11:09:30.279 [info] ExtensionService#_doActivateExtension bradlc.vscode-tailwindcss, startup: false, activationEvent: 'onStartupFinished'
2023-06-17 11:09:30.310 [info] ExtensionService#_doActivateExtension vscode.microsoft-authentication, startup: false, activationEvent: 'onAuthenticationRequest:microsoft'
2023-06-17 20:05:27.704 [info] Extension host terminating: renderer closed the MessagePort
2023-06-17 20:05:27.720 [info] Extension host with pid 11824 exiting with code 0
