2023-06-16 13:19:36.792 [info] Reading sessions from keychain...
2023-06-16 13:19:36.792 [info] Getting sessions for all scopes...
2023-06-16 13:19:36.792 [info] Getting sessions for user:email...
2023-06-16 13:19:36.792 [info] Got 0 sessions for ...
2023-06-16 13:19:36.792 [info] Got 0 sessions for user:email...
2023-06-16 13:19:36.878 [info] Getting sessions for all scopes...
2023-06-16 13:19:36.878 [info] Got 0 sessions for ...
2023-06-16 13:19:36.894 [info] Getting sessions for all scopes...
2023-06-16 13:19:36.894 [info] Got 0 sessions for ...
2023-06-16 13:24:40.983 [info] Reading sessions from keychain...
2023-06-16 13:24:40.983 [info] Getting sessions for all scopes...
2023-06-16 13:24:40.983 [info] Getting sessions for user:email...
2023-06-16 13:24:40.983 [info] Got 0 sessions for ...
2023-06-16 13:24:40.983 [info] Got 0 sessions for user:email...
2023-06-16 13:24:41.069 [info] Getting sessions for all scopes...
2023-06-16 13:24:41.069 [info] Got 0 sessions for ...
2023-06-16 20:37:37.417 [info] Reading sessions from keychain...
2023-06-16 20:37:37.417 [info] Getting sessions for all scopes...
2023-06-16 20:37:37.417 [info] Getting sessions for user:email...
2023-06-16 20:37:37.417 [info] Got 0 sessions for ...
2023-06-16 20:37:37.417 [info] Got 0 sessions for user:email...
2023-06-16 20:37:37.472 [info] Getting sessions for all scopes...
2023-06-16 20:37:37.472 [info] Got 0 sessions for ...
2023-06-16 20:37:37.549 [info] Getting sessions for all scopes...
2023-06-16 20:37:37.549 [info] Got 0 sessions for ...
2023-06-16 21:48:37.056 [info] Reading sessions from keychain...
2023-06-16 21:48:37.056 [info] Getting sessions for all scopes...
2023-06-16 21:48:37.056 [info] Got 0 sessions for ...
2023-06-16 21:48:37.056 [info] Getting sessions for user:email...
2023-06-16 21:48:37.056 [info] Got 0 sessions for user:email...
2023-06-16 21:48:37.092 [info] Getting sessions for all scopes...
2023-06-16 21:48:37.092 [info] Got 0 sessions for ...
2023-06-16 21:48:37.108 [info] Getting sessions for all scopes...
2023-06-16 21:48:37.108 [info] Got 0 sessions for ...
2023-06-16 23:33:02.481 [info] Reading sessions from keychain...
2023-06-16 23:33:02.481 [info] Getting sessions for all scopes...
2023-06-16 23:33:02.481 [info] Getting sessions for user:email...
2023-06-16 23:33:02.481 [info] Got 0 sessions for ...
2023-06-16 23:33:02.481 [info] Got 0 sessions for user:email...
2023-06-16 23:33:02.655 [info] Getting sessions for all scopes...
2023-06-16 23:33:02.655 [info] Got 0 sessions for ...
2023-06-16 23:34:59.695 [info] Reading sessions from keychain...
2023-06-16 23:34:59.695 [info] Getting sessions for all scopes...
2023-06-16 23:34:59.695 [info] Getting sessions for user:email...
2023-06-16 23:34:59.695 [info] Got 0 sessions for ...
2023-06-16 23:34:59.695 [info] Got 0 sessions for user:email...
2023-06-16 23:34:59.711 [info] Getting sessions for all scopes...
2023-06-16 23:34:59.711 [info] Got 0 sessions for ...
2023-06-16 23:34:59.739 [info] Getting sessions for all scopes...
2023-06-16 23:34:59.739 [info] Got 0 sessions for ...
