[Info  - 11:45:00 PM] Default version of Prisma 'prisma-fmt': 8fbc245156db7124f997f4cecdd8d1219e360944
[Info  - 11:45:00 PM] Extension name @prisma/language-server with version 4.15.0
[Info  - 11:45:00 PM] Prisma Engines version: 4.15.0-28.8fbc245156db7124f997f4cecdd8d1219e360944
[Info  - 11:45:00 PM] Prisma CLI version: 4.15.0
running lint() from prisma-fmt
running lint() from prisma-fmt
running lint() from prisma-fmt
running lint() from prisma-fmt
running lint() from prisma-fmt
running lint() from prisma-fmt
running lint() from prisma-fmt
running lint() from prisma-fmt
running lint() from prisma-fmt
running lint() from prisma-fmt
running lint() from prisma-fmt
running lint() from prisma-fmt
running lint() from prisma-fmt
running lint() from prisma-fmt
running lint() from prisma-fmt
running lint() from prisma-fmt
running lint() from prisma-fmt
running lint() from prisma-fmt
running lint() from prisma-fmt
running lint() from prisma-fmt
running lint() from prisma-fmt
running lint() from prisma-fmt
running lint() from prisma-fmt
running lint() from prisma-fmt
running lint() from prisma-fmt
running lint() from prisma-fmt
running lint() from prisma-fmt
running lint() from prisma-fmt
running lint() from prisma-fmt
running lint() from prisma-fmt
Did not receive any native type suggestions from prisma-fmt call.
running lint() from prisma-fmt
running lint() from prisma-fmt
running lint() from prisma-fmt
running lint() from prisma-fmt
Did not receive any native type suggestions from prisma-fmt call.
running lint() from prisma-fmt
running lint() from prisma-fmt
running lint() from prisma-fmt
running lint() from prisma-fmt
running lint() from prisma-fmt
running lint() from prisma-fmt
running lint() from prisma-fmt
running lint() from prisma-fmt
running lint() from prisma-fmt
running lint() from prisma-fmt
running lint() from prisma-fmt
running lint() from prisma-fmt
running lint() from prisma-fmt
running lint() from prisma-fmt
running lint() from prisma-fmt
running lint() from prisma-fmt
running lint() from prisma-fmt
running lint() from prisma-fmt
running lint() from prisma-fmt
running lint() from prisma-fmt
running lint() from prisma-fmt
running lint() from prisma-fmt
running lint() from prisma-fmt
running lint() from prisma-fmt
running lint() from prisma-fmt
running lint() from prisma-fmt
running lint() from prisma-fmt
running lint() from prisma-fmt
running lint() from prisma-fmt
running lint() from prisma-fmt
running lint() from prisma-fmt
running lint() from prisma-fmt
running lint() from prisma-fmt
running lint() from prisma-fmt
running lint() from prisma-fmt
running lint() from prisma-fmt
running lint() from prisma-fmt
running lint() from prisma-fmt
running lint() from prisma-fmt
running lint() from prisma-fmt
running lint() from prisma-fmt
running lint() from prisma-fmt
running lint() from prisma-fmt
running lint() from prisma-fmt
running lint() from prisma-fmt
running lint() from prisma-fmt
running lint() from prisma-fmt
running lint() from prisma-fmt
running lint() from prisma-fmt
running lint() from prisma-fmt
running lint() from prisma-fmt
running lint() from prisma-fmt
running lint() from prisma-fmt
running lint() from prisma-fmt
running lint() from prisma-fmt
running lint() from prisma-fmt
[Info  - 11:48:04 PM] Configuration changed.
running lint() from prisma-fmt
running format() from prisma-fmt
running lint() from prisma-fmt
running lint() from prisma-fmt
running lint() from prisma-fmt
running lint() from prisma-fmt
running lint() from prisma-fmt
running lint() from prisma-fmt
running lint() from prisma-fmt
running lint() from prisma-fmt
running lint() from prisma-fmt
running lint() from prisma-fmt
running lint() from prisma-fmt
running lint() from prisma-fmt
running lint() from prisma-fmt
running lint() from prisma-fmt
running lint() from prisma-fmt
running lint() from prisma-fmt
running lint() from prisma-fmt
running lint() from prisma-fmt
running lint() from prisma-fmt
running lint() from prisma-fmt
running lint() from prisma-fmt
running lint() from prisma-fmt
running lint() from prisma-fmt
running lint() from prisma-fmt
running lint() from prisma-fmt
Did not receive any native type suggestions from prisma-fmt call.
running lint() from prisma-fmt
running lint() from prisma-fmt
running lint() from prisma-fmt
running lint() from prisma-fmt
running lint() from prisma-fmt
running lint() from prisma-fmt
running lint() from prisma-fmt
running lint() from prisma-fmt
running lint() from prisma-fmt
running lint() from prisma-fmt
running lint() from prisma-fmt
running lint() from prisma-fmt
running lint() from prisma-fmt
running lint() from prisma-fmt
running lint() from prisma-fmt
running format() from prisma-fmt
running lint() from prisma-fmt
running lint() from prisma-fmt
running lint() from prisma-fmt
running lint() from prisma-fmt
running lint() from prisma-fmt
running lint() from prisma-fmt
running lint() from prisma-fmt
running lint() from prisma-fmt
running lint() from prisma-fmt
running lint() from prisma-fmt
running lint() from prisma-fmt
running lint() from prisma-fmt
running lint() from prisma-fmt
running lint() from prisma-fmt
running lint() from prisma-fmt
running lint() from prisma-fmt
running lint() from prisma-fmt
running lint() from prisma-fmt
running lint() from prisma-fmt
Did not receive any native type suggestions from prisma-fmt call.
running lint() from prisma-fmt
running lint() from prisma-fmt
running lint() from prisma-fmt
running lint() from prisma-fmt
running lint() from prisma-fmt
running lint() from prisma-fmt
running lint() from prisma-fmt
running lint() from prisma-fmt
running format() from prisma-fmt
[Info  - 12:01:11 AM] Configuration changed.
running lint() from prisma-fmt
[Info  - 12:03:59 AM] Configuration changed.
running lint() from prisma-fmt
