2023-06-16 13:19:36.136 [info] Extension host with pid 2626 started
2023-06-16 13:19:36.197 [info] ExtensionService#_doActivateExtension vscode.git-base, startup: true, activationEvent: '*', root cause: vscode.git
2023-06-16 13:19:36.230 [info] ExtensionService#_doActivateExtension vscode.git, startup: true, activationEvent: '*'
2023-06-16 13:19:36.325 [info] ExtensionService#_doActivateExtension vscode.github, startup: true, activationEvent: '*'
2023-06-16 13:19:36.400 [info] Eager extensions activated
2023-06-16 13:19:36.639 [info] ExtensionService#_doActivateExtension vscode.github-authentication, startup: false, activationEvent: 'onAuthenticationRequest:github'
2023-06-16 13:19:36.695 [info] ExtensionService#_doActivateExtension vscode.debug-auto-launch, startup: false, activationEvent: 'onStartupFinished'
2023-06-16 13:19:36.699 [info] ExtensionService#_doActivateExtension vscode.merge-conflict, startup: false, activationEvent: 'onStartupFinished'
2023-06-16 13:19:36.802 [info] ExtensionService#_doActivateExtension vscode.microsoft-authentication, startup: false, activationEvent: 'onAuthenticationRequest:microsoft'
2023-06-16 13:23:30.945 [info] ExtensionService#_doActivateExtension vscode.emmet, startup: false, activationEvent: 'onLanguage'
2023-06-16 13:24:04.660 [info] ExtensionService#_doActivateExtension vscode.json-language-features, startup: false, activationEvent: 'onLanguage:jsonc'
2023-06-16 13:24:04.753 [info] ExtensionService#_doActivateExtension vscode.typescript-language-features, startup: false, activationEvent: 'onLanguage:jsonc'
2023-06-16 13:24:39.548 [info] Extension host terminating: renderer closed the MessagePort
2023-06-16 13:24:39.565 [info] Extension host with pid 2626 exiting with code 0
2023-06-16 13:24:40.580 [info] Extension host with pid 5525 started
2023-06-16 13:24:40.580 [info] Skipping acquiring lock for /home/efliao/.config/Code/User/workspaceStorage/19fe27661a0c855384a8adb6597981fe.
2023-06-16 13:24:40.621 [info] ExtensionService#_doActivateExtension vscode.git-base, startup: true, activationEvent: '*'
2023-06-16 13:24:40.628 [info] ExtensionService#_doActivateExtension vscode.github, startup: true, activationEvent: '*'
2023-06-16 13:24:40.633 [info] Eager extensions activated
2023-06-16 13:24:40.635 [info] ExtensionService#_doActivateExtension vscode.debug-auto-launch, startup: false, activationEvent: 'onStartupFinished'
2023-06-16 13:24:40.637 [info] ExtensionService#_doActivateExtension vscode.merge-conflict, startup: false, activationEvent: 'onStartupFinished'
2023-06-16 13:24:40.774 [info] ExtensionService#_doActivateExtension vscode.github-authentication, startup: false, activationEvent: 'onAuthenticationRequest:github'
2023-06-16 13:24:40.962 [info] ExtensionService#_doActivateExtension vscode.microsoft-authentication, startup: false, activationEvent: 'onAuthenticationRequest:microsoft'
2023-06-16 13:24:43.907 [info] ExtensionService#_doActivateExtension vscode.git, startup: false, activationEvent: 'api', root cause: vscode.github
2023-06-16 13:24:46.048 [info] ExtensionService#_doActivateExtension vscode.emmet, startup: false, activationEvent: 'onLanguage'
2023-06-16 13:24:51.508 [info] ExtensionService#_doActivateExtension vscode.json-language-features, startup: false, activationEvent: 'onLanguage:jsonc'
2023-06-16 13:24:51.531 [info] ExtensionService#_doActivateExtension vscode.typescript-language-features, startup: false, activationEvent: 'onLanguage:jsonc'
2023-06-16 20:37:35.991 [info] Extension host terminating: renderer closed the MessagePort
2023-06-16 20:37:36.011 [info] Extension host with pid 5525 exiting with code 0
2023-06-16 20:37:37.146 [info] Extension host with pid 17722 started
2023-06-16 20:37:37.146 [info] Skipping acquiring lock for /home/efliao/.config/Code/User/workspaceStorage/2b7adf763839f1fe7060da526768e5a2.
2023-06-16 20:37:37.213 [info] ExtensionService#_doActivateExtension vscode.git-base, startup: true, activationEvent: '*'
2023-06-16 20:37:37.219 [info] ExtensionService#_doActivateExtension vscode.github-authentication, startup: false, activationEvent: 'onAuthenticationRequest:github'
2023-06-16 20:37:37.232 [info] ExtensionService#_doActivateExtension vscode.github, startup: true, activationEvent: '*'
2023-06-16 20:37:37.335 [info] Eager extensions activated
2023-06-16 20:37:37.386 [info] ExtensionService#_doActivateExtension vscode.debug-auto-launch, startup: false, activationEvent: 'onStartupFinished'
2023-06-16 20:37:37.389 [info] ExtensionService#_doActivateExtension vscode.merge-conflict, startup: false, activationEvent: 'onStartupFinished'
2023-06-16 20:37:37.423 [info] ExtensionService#_doActivateExtension vscode.microsoft-authentication, startup: false, activationEvent: 'onAuthenticationRequest:microsoft'
2023-06-16 20:37:38.984 [info] ExtensionService#_doActivateExtension vscode.git, startup: false, activationEvent: 'api', root cause: vscode.github
2023-06-16 20:37:54.313 [info] ExtensionService#_doActivateExtension vscode.extension-editing, startup: false, activationEvent: 'onLanguage:markdown'
2023-06-16 20:37:54.328 [info] ExtensionService#_doActivateExtension vscode.markdown-language-features, startup: false, activationEvent: 'onLanguage:markdown'
2023-06-16 20:37:54.433 [info] ExtensionService#_doActivateExtension vscode.emmet, startup: false, activationEvent: 'onLanguage'
2023-06-16 20:37:54.938 [info] ExtensionService#_doActivateExtension vscode.markdown-math, startup: false, activationEvent: 'api', root cause: vscode.markdown-language-features
2023-06-16 21:48:35.570 [info] Extension host terminating: renderer closed the MessagePort
2023-06-16 21:48:35.581 [info] Extension host with pid 17722 exiting with code 0
2023-06-16 21:48:36.675 [info] Extension host with pid 19910 started
2023-06-16 21:48:36.675 [info] Skipping acquiring lock for /home/efliao/.config/Code/User/workspaceStorage/fc645083678fe3d4bb41ae1955c15e60.
2023-06-16 21:48:36.710 [info] ExtensionService#_doActivateExtension vscode.git-base, startup: true, activationEvent: '*'
2023-06-16 21:48:36.720 [info] ExtensionService#_doActivateExtension vscode.github, startup: true, activationEvent: '*'
2023-06-16 21:48:36.725 [info] Eager extensions activated
2023-06-16 21:48:36.732 [info] ExtensionService#_doActivateExtension vscode.debug-auto-launch, startup: false, activationEvent: 'onStartupFinished'
2023-06-16 21:48:36.735 [info] ExtensionService#_doActivateExtension vscode.merge-conflict, startup: false, activationEvent: 'onStartupFinished'
2023-06-16 21:48:36.913 [info] ExtensionService#_doActivateExtension vscode.github-authentication, startup: false, activationEvent: 'onAuthenticationRequest:github'
2023-06-16 21:48:37.069 [info] ExtensionService#_doActivateExtension vscode.microsoft-authentication, startup: false, activationEvent: 'onAuthenticationRequest:microsoft'
2023-06-16 21:48:38.955 [info] ExtensionService#_doActivateExtension vscode.git, startup: false, activationEvent: 'api', root cause: vscode.github
2023-06-16 21:48:47.431 [info] ExtensionService#_doActivateExtension vscode.extension-editing, startup: false, activationEvent: 'onLanguage:markdown'
2023-06-16 21:48:47.437 [info] ExtensionService#_doActivateExtension vscode.markdown-language-features, startup: false, activationEvent: 'onLanguage:markdown'
2023-06-16 21:48:47.527 [info] ExtensionService#_doActivateExtension vscode.emmet, startup: false, activationEvent: 'onLanguage'
2023-06-16 21:48:47.949 [info] ExtensionService#_doActivateExtension vscode.markdown-math, startup: false, activationEvent: 'api', root cause: vscode.markdown-language-features
2023-06-16 23:33:01.170 [info] Extension host terminating: renderer closed the MessagePort
2023-06-16 23:33:01.176 [info] Extension host with pid 19910 exiting with code 0
2023-06-16 23:33:02.253 [info] Extension host with pid 21566 started
2023-06-16 23:33:02.253 [info] Skipping acquiring lock for /home/efliao/.config/Code/User/workspaceStorage/4066e3525844841490efb6a8ec9fb71a.
2023-06-16 23:33:02.314 [info] ExtensionService#_doActivateExtension vscode.git-base, startup: true, activationEvent: '*'
2023-06-16 23:33:02.329 [info] ExtensionService#_doActivateExtension vscode.github, startup: true, activationEvent: '*'
2023-06-16 23:33:02.335 [info] Eager extensions activated
2023-06-16 23:33:02.358 [info] ExtensionService#_doActivateExtension vscode.debug-auto-launch, startup: false, activationEvent: 'onStartupFinished'
2023-06-16 23:33:02.360 [info] ExtensionService#_doActivateExtension vscode.merge-conflict, startup: false, activationEvent: 'onStartupFinished'
2023-06-16 23:33:02.403 [info] ExtensionService#_doActivateExtension vscode.github-authentication, startup: false, activationEvent: 'onAuthenticationRequest:github'
2023-06-16 23:33:02.464 [info] ExtensionService#_doActivateExtension vscode.microsoft-authentication, startup: false, activationEvent: 'onAuthenticationRequest:microsoft'
2023-06-16 23:33:05.987 [info] ExtensionService#_doActivateExtension vscode.git, startup: false, activationEvent: 'api', root cause: vscode.github
2023-06-16 23:33:19.465 [info] ExtensionService#_doActivateExtension vscode.emmet, startup: false, activationEvent: 'onLanguage'
2023-06-16 23:34:20.714 [info] ExtensionService#_doActivateExtension vscode.npm, startup: false, activationEvent: 'onTerminalQuickFixRequest:ms-vscode.npm-command'
2023-06-16 23:34:58.258 [info] Extension host terminating: renderer closed the MessagePort
2023-06-16 23:34:58.263 [info] Extension host with pid 21566 exiting with code 0
2023-06-16 23:34:59.316 [info] Extension host with pid 21891 started
2023-06-16 23:34:59.316 [info] Skipping acquiring lock for /home/efliao/.config/Code/User/workspaceStorage/b7e41a45d851a70c07951fead40f11f6.
2023-06-16 23:34:59.367 [info] ExtensionService#_doActivateExtension vscode.git-base, startup: true, activationEvent: '*', root cause: vscode.git
2023-06-16 23:34:59.381 [info] ExtensionService#_doActivateExtension vscode.git, startup: true, activationEvent: '*'
2023-06-16 23:34:59.414 [info] ExtensionService#_doActivateExtension vscode.github, startup: true, activationEvent: '*'
2023-06-16 23:34:59.437 [info] Eager extensions activated
2023-06-16 23:34:59.472 [info] ExtensionService#_doActivateExtension vscode.debug-auto-launch, startup: false, activationEvent: 'onStartupFinished'
2023-06-16 23:34:59.475 [info] ExtensionService#_doActivateExtension vscode.merge-conflict, startup: false, activationEvent: 'onStartupFinished'
2023-06-16 23:34:59.572 [info] ExtensionService#_doActivateExtension vscode.github-authentication, startup: false, activationEvent: 'onAuthenticationRequest:github'
2023-06-16 23:34:59.681 [info] ExtensionService#_doActivateExtension vscode.microsoft-authentication, startup: false, activationEvent: 'onAuthenticationRequest:microsoft'
2023-06-16 23:35:06.643 [info] ExtensionService#_doActivateExtension vscode.emmet, startup: false, activationEvent: 'onLanguage'
2023-06-16 23:42:45.325 [info] ExtensionService#_doActivateExtension vscode.npm, startup: false, activationEvent: 'onTerminalQuickFixRequest:ms-vscode.npm-command'
2023-06-16 23:44:59.712 [info] ExtensionService#_doActivateExtension Prisma.prisma, startup: false, activationEvent: 'onLanguage:prisma'
2023-06-16 23:48:04.589 [info] ExtensionService#_doActivateExtension vscode.json-language-features, startup: false, activationEvent: 'onLanguage:jsonc'
2023-06-16 23:48:04.627 [info] ExtensionService#_doActivateExtension vscode.typescript-language-features, startup: false, activationEvent: 'onLanguage:jsonc'
2023-06-16 23:57:05.488 [info] ExtensionService#_doActivateExtension vscode.simple-browser, startup: false, activationEvent: 'onOpenExternalUri:http'
2023-06-16 23:57:39.563 [info] ExtensionService#_doActivateExtension vscode.css-language-features, startup: false, activationEvent: 'onLanguage:css'
2023-06-17 00:01:11.723 [info] ExtensionService#_doActivateExtension naumovs.color-highlight, startup: false, activationEvent: '*'
2023-06-17 00:03:59.560 [info] ExtensionService#_doActivateExtension bradlc.vscode-tailwindcss, startup: false, activationEvent: 'onStartupFinished'
2023-06-17 00:40:00.646 [info] Extension host terminating: renderer closed the MessagePort
2023-06-17 00:40:00.694 [info] Extension host with pid 21891 exiting with code 0
