2023-06-16 13:19:36.880 [info] Reading sessions from secret storage...
2023-06-16 13:19:36.880 [info] Got 0 stored sessions
2023-06-16 13:19:36.880 [info] Getting sessions for all scopes...
2023-06-16 13:19:36.880 [info] Got 0 sessions for all scopes...
2023-06-16 13:19:36.881 [info] Getting sessions for the following scopes: email offline_access openid profile
2023-06-16 13:19:36.881 [info] Got 0 sessions for scopes: email offline_access openid profile
2023-06-16 13:24:41.066 [info] Reading sessions from secret storage...
2023-06-16 13:24:41.066 [info] Got 0 stored sessions
2023-06-16 13:24:41.066 [info] Getting sessions for all scopes...
2023-06-16 13:24:41.066 [info] Got 0 sessions for all scopes...
2023-06-16 13:24:41.066 [info] Getting sessions for the following scopes: email offline_access openid profile
2023-06-16 13:24:41.066 [info] Got 0 sessions for scopes: email offline_access openid profile
2023-06-16 20:37:37.541 [info] Reading sessions from secret storage...
2023-06-16 20:37:37.541 [info] Got 0 stored sessions
2023-06-16 20:37:37.541 [info] Getting sessions for all scopes...
2023-06-16 20:37:37.541 [info] Got 0 sessions for all scopes...
2023-06-16 20:37:37.541 [info] Getting sessions for the following scopes: email offline_access openid profile
2023-06-16 20:37:37.541 [info] Got 0 sessions for scopes: email offline_access openid profile
2023-06-16 21:48:37.099 [info] Reading sessions from secret storage...
2023-06-16 21:48:37.099 [info] Got 0 stored sessions
2023-06-16 21:48:37.099 [info] Getting sessions for all scopes...
2023-06-16 21:48:37.099 [info] Got 0 sessions for all scopes...
2023-06-16 21:48:37.100 [info] Getting sessions for the following scopes: email offline_access openid profile
2023-06-16 21:48:37.100 [info] Got 0 sessions for scopes: email offline_access openid profile
2023-06-16 23:33:02.556 [info] Reading sessions from secret storage...
2023-06-16 23:33:02.556 [info] Got 0 stored sessions
2023-06-16 23:33:02.556 [info] Getting sessions for all scopes...
2023-06-16 23:33:02.556 [info] Got 0 sessions for all scopes...
2023-06-16 23:33:02.556 [info] Getting sessions for the following scopes: email offline_access openid profile
2023-06-16 23:33:02.556 [info] Got 0 sessions for scopes: email offline_access openid profile
2023-06-16 23:34:59.736 [info] Reading sessions from secret storage...
2023-06-16 23:34:59.736 [info] Got 0 stored sessions
2023-06-16 23:34:59.736 [info] Getting sessions for all scopes...
2023-06-16 23:34:59.736 [info] Got 0 sessions for all scopes...
2023-06-16 23:34:59.736 [info] Getting sessions for the following scopes: email offline_access openid profile
2023-06-16 23:34:59.736 [info] Got 0 sessions for scopes: email offline_access openid profile
