2023-06-17 10:01:08.849 [info] update#setState idle
2023-06-17 10:01:16.231 [warning] No ptyHost heartbeat after 6 seconds
2023-06-17 10:01:38.851 [info] update#setState checking for updates
2023-06-17 10:01:38.920 [info] update#setState idle
2023-06-17 11:01:38.863 [info] update#setState checking for updates
2023-06-17 11:01:39.204 [info] update#setState idle
2023-06-17 11:09:28.012 [error] [UtilityProcessWorker]: terminated unexpectedly with code 15, signal: unknown
2023-06-17 11:09:28.016 [error] [UtilityProcess id: 1, type: fileWatcher, pid: 2595]: crashed with code 15 and reason 'killed'
2023-06-17 11:09:28.027 [info] Extension host with pid 2625 exited with code: 0, signal: unknown.
2023-06-17 12:01:38.869 [info] update#setState checking for updates
2023-06-17 12:01:39.178 [info] update#setState idle
2023-06-17 13:01:38.875 [info] update#setState checking for updates
2023-06-17 13:01:39.187 [info] update#setState idle
2023-06-17 14:01:38.880 [info] update#setState checking for updates
2023-06-17 14:01:39.202 [info] update#setState idle
2023-06-17 15:01:38.887 [info] update#setState checking for updates
2023-06-17 15:01:39.300 [info] update#setState idle
2023-06-17 16:01:38.890 [info] update#setState checking for updates
2023-06-17 16:01:39.240 [info] update#setState idle
2023-06-17 17:01:38.893 [info] update#setState checking for updates
2023-06-17 17:01:39.252 [info] update#setState idle
2023-06-17 18:01:38.897 [info] update#setState checking for updates
2023-06-17 18:01:39.239 [info] update#setState idle
2023-06-17 19:01:38.902 [info] update#setState checking for updates
2023-06-17 19:01:39.310 [info] update#setState idle
2023-06-17 20:01:38.905 [info] update#setState checking for updates
2023-06-17 20:01:39.233 [info] update#setState idle
2023-06-17 20:05:27.723 [info] Extension host with pid 11824 exited with code: 0, signal: unknown.
2023-06-17 21:01:38.911 [info] update#setState checking for updates
2023-06-17 21:01:39.232 [info] update#setState idle
2023-06-17 22:01:38.917 [info] update#setState checking for updates
2023-06-17 22:01:39.257 [info] update#setState idle
2023-06-17 22:53:16.465 [info] Extension host with pid 16420 exited with code: 0, signal: unknown.
