2023-06-17 20:06:05.240 [info] Getting Manifest... ms-vscode.cpptools-extension-pack
2023-06-17 20:06:05.261 [info] Installing extension: ms-vscode.cpptools-extension-pack
2023-06-17 20:06:06.188 [info] Getting Manifest... ms-vscode.cpptools
2023-06-17 20:06:06.208 [info] Getting Manifest... ms-vscode.cmake-tools
2023-06-17 20:06:06.450 [info] Getting Manifest... twxs.cmake
2023-06-17 20:06:06.537 [info] Getting Manifest... ms-vscode.cpptools-themes
2023-06-17 20:06:06.649 [info] Installing extension: ms-vscode.cpptools ms-vscode.cpptools-extension-pack
2023-06-17 20:06:06.649 [info] Installing extension: ms-vscode.cmake-tools ms-vscode.cpptools-extension-pack
2023-06-17 20:06:06.649 [info] Installing extension: twxs.cmake ms-vscode.cpptools-extension-pack
2023-06-17 20:06:06.650 [info] Installing extension: ms-vscode.cpptools-themes ms-vscode.cpptools-extension-pack
2023-06-17 20:06:09.011 [info] Extension signature is verified: ms-vscode.cpptools-themes
2023-06-17 20:06:09.053 [info] Extracted extension to /home/efliao/.vscode/extensions/.f397268d-6456-467e-a092-6de83358c99c: ms-vscode.cpptools-themes
2023-06-17 20:06:09.056 [info] Renamed to /home/efliao/.vscode/extensions/ms-vscode.cpptools-themes-2.0.0
2023-06-17 20:06:09.057 [info] Extracting extension completed. ms-vscode.cpptools-themes
2023-06-17 20:06:09.463 [info] Extension signature is verified: ms-vscode.cmake-tools
2023-06-17 20:06:09.650 [info] Extracted extension to /home/efliao/.vscode/extensions/.9afdf0e7-cd5f-4ef6-85f4-7867ba774ae7: ms-vscode.cmake-tools
2023-06-17 20:06:09.655 [info] Renamed to /home/efliao/.vscode/extensions/ms-vscode.cmake-tools-1.14.33
2023-06-17 20:06:09.659 [info] Extracting extension completed. ms-vscode.cmake-tools
2023-06-17 20:06:11.179 [info] Extension signature is verified: twxs.cmake
2023-06-17 20:06:11.344 [info] Extracted extension to /home/efliao/.vscode/extensions/.fe908a60-d09f-44dc-a28b-559919ad59d4: twxs.cmake
2023-06-17 20:06:11.347 [info] Renamed to /home/efliao/.vscode/extensions/twxs.cmake-0.0.17
2023-06-17 20:06:11.349 [info] Extracting extension completed. twxs.cmake
2023-06-17 20:06:18.040 [info] Extension signature is verified: ms-vscode.cpptools
2023-06-17 20:06:20.098 [info] Extracted extension to /home/efliao/.vscode/extensions/.bb5ff091-ea57-4a1b-9f07-30d0c933586e: ms-vscode.cpptools
2023-06-17 20:06:20.115 [info] Renamed to /home/efliao/.vscode/extensions/ms-vscode.cpptools-1.15.4-linux-x64
2023-06-17 20:06:20.136 [info] Extracting extension completed. ms-vscode.cpptools
2023-06-17 20:06:21.399 [info] Extension signature is verified: ms-vscode.cpptools-extension-pack
2023-06-17 20:06:21.408 [info] Extracted extension to /home/efliao/.vscode/extensions/.a487fe7a-2b9c-484c-b2ad-18c5e12ae3f7: ms-vscode.cpptools-extension-pack
2023-06-17 20:06:21.421 [info] Renamed to /home/efliao/.vscode/extensions/ms-vscode.cpptools-extension-pack-1.3.0
2023-06-17 20:06:21.426 [info] Extracting extension completed. ms-vscode.cpptools-extension-pack
2023-06-17 20:06:21.459 [info] Extension installed successfully: ms-vscode.cpptools-themes
2023-06-17 20:06:21.459 [info] Extension installed successfully: ms-vscode.cmake-tools
2023-06-17 20:06:21.460 [info] Extension installed successfully: twxs.cmake
2023-06-17 20:06:21.460 [info] Extension installed successfully: ms-vscode.cpptools
2023-06-17 20:06:21.461 [info] Extension installed successfully: ms-vscode.cpptools-extension-pack
